<?xml version="1.0" encoding="UTF-8"?>
<!-- Generated by org.testng.reporters.JUnitReportReporter -->
<testsuite hostname="e9f15272056e" failures="0" tests="11" name="com.debs.tests.vendorapp.VendorAppTest" time="18.072" errors="5" timestamp="2026-03-09T17:48:25 GMT" skipped="6">
  <testcase classname="com.debs.tests.vendorapp.VendorAppTest" name="tearDown" time="0.190">
    <error message="Could not start a new session. Possible causes are invalid address of the remote server or browser start-up failure. 
Host info: host: &#039;e9f15272056e&#039;, ip: &#039;172.18.0.5&#039;
Build info: version: &#039;4.33.0&#039;, revision: &#039;2c6aaad03a&#039;
System info: os.name: &#039;Linux&#039;, os.arch: &#039;amd64&#039;, os.version: &#039;6.6.87.2-microsoft-standard-WSL2&#039;, java.version: &#039;17.0.18&#039;
Driver info: org.openqa.selenium.remote.RemoteWebDriver
Command: [null, newSession {capabilities=[Capabilities {browserName: chrome, goog:chromeOptions: {args: [--no-sandbox, --disable-dev-shm-usage, --disable-gpu], extensions: []}}]}]
Capabilities {browserName: chrome, goog:chromeOptions: {args: [--no-sandbox, --disable-dev-shm-usage, --disable-gpu], extensions: []}}" type="org.openqa.selenium.SessionNotCreatedException">
      <![CDATA[org.openqa.selenium.SessionNotCreatedException: Could not start a new session. Possible causes are invalid address of the remote server or browser start-up failure. 
Host info: host: 'e9f15272056e', ip: '172.18.0.5'
Build info: version: '4.33.0', revision: '2c6aaad03a'
System info: os.name: 'Linux', os.arch: 'amd64', os.version: '6.6.87.2-microsoft-standard-WSL2', java.version: '17.0.18'
Driver info: org.openqa.selenium.remote.RemoteWebDriver
Command: [null, newSession {capabilities=[Capabilities {browserName: chrome, goog:chromeOptions: {args: [--no-sandbox, --disable-dev-shm-usage, --disable-gpu], extensions: []}}]}]
Capabilities {browserName: chrome, goog:chromeOptions: {args: [--no-sandbox, --disable-dev-shm-usage, --disable-gpu], extensions: []}}
at org.openqa.selenium.remote.RemoteWebDriver.execute(RemoteWebDriver.java:562)
at org.openqa.selenium.remote.RemoteWebDriver.startSession(RemoteWebDriver.java:244)
at org.openqa.selenium.remote.RemoteWebDriver.<init>(RemoteWebDriver.java:173)
at org.openqa.selenium.remote.RemoteWebDriver.<init>(RemoteWebDriver.java:151)
at com.debs.utils.DriverFactory.createRemoteDriver(DriverFactory.java:102)
at com.debs.utils.DriverFactory.createDriver(DriverFactory.java:45)
at com.debs.utils.DriverFactory.getDriver(DriverFactory.java:27)
at com.debs.tests.vendorapp.BaseTest.tearDown(BaseTest.java:20)
at java.base/jdk.internal.reflect.NativeMethodAccessorImpl.invoke0(Native Method)
at java.base/jdk.internal.reflect.NativeMethodAccessorImpl.invoke(Unknown Source)
at java.base/jdk.internal.reflect.DelegatingMethodAccessorImpl.invoke(Unknown Source)
at java.base/java.lang.reflect.Method.invoke(Unknown Source)
at org.testng.internal.invokers.MethodInvocationHelper.invokeMethod(MethodInvocationHelper.java:139)
at org.testng.internal.invokers.MethodInvocationHelper.invokeMethodConsideringTimeout(MethodInvocationHelper.java:69)
at org.testng.internal.invokers.ConfigInvoker.invokeConfigurationMethod(ConfigInvoker.java:393)
at org.testng.internal.invokers.ConfigInvoker.invokeConfigurations(ConfigInvoker.java:326)
at org.testng.internal.invokers.TestInvoker.runConfigMethods(TestInvoker.java:810)
at org.testng.internal.invokers.TestInvoker.runAfterConfigurations(TestInvoker.java:779)
at org.testng.internal.invokers.TestInvoker.invokeMethod(TestInvoker.java:755)
at org.testng.internal.invokers.TestInvoker.invokeTestMethod(TestInvoker.java:228)
at org.testng.internal.invokers.TestMethodWithDataProviderMethodWorker.call(TestMethodWithDataProviderMethodWorker.java:80)
at java.base/java.util.concurrent.CompletableFuture$AsyncSupply.run(Unknown Source)
at java.base/java.util.concurrent.ThreadPoolExecutor.runWorker(Unknown Source)
at java.base/java.util.concurrent.ThreadPoolExecutor$Worker.run(Unknown Source)
at java.base/java.lang.Thread.run(Unknown Source)
Caused by: java.io.UncheckedIOException: java.net.ConnectException
at org.openqa.selenium.remote.http.jdk.JdkHttpClient.execute0(JdkHttpClient.java:500)
at org.openqa.selenium.remote.http.AddSeleniumUserAgent.lambda$apply$0(AddSeleniumUserAgent.java:42)
at org.openqa.selenium.remote.http.Filter.lambda$andFinally$1(Filter.java:55)
at org.openqa.selenium.remote.http.jdk.JdkHttpClient.lambda$executeAsync$2(JdkHttpClient.java:387)
at java.base/java.util.concurrent.Executors$RunnableAdapter.call(Unknown Source)
at java.base/java.util.concurrent.FutureTask.run(Unknown Source)
... 3 more
Caused by: java.net.ConnectException
at java.net.http/jdk.internal.net.http.HttpClientImpl.send(Unknown Source)
at java.net.http/jdk.internal.net.http.HttpClientFacade.send(Unknown Source)
at org.openqa.selenium.remote.http.jdk.JdkHttpClient.execute0(JdkHttpClient.java:459)
... 8 more
Caused by: java.net.ConnectException
at java.net.http/jdk.internal.net.http.common.Utils.toConnectException(Unknown Source)
at java.net.http/jdk.internal.net.http.PlainHttpConnection.connectAsync(Unknown Source)
at java.net.http/jdk.internal.net.http.PlainHttpConnection.checkRetryConnect(Unknown Source)
at java.net.http/jdk.internal.net.http.PlainHttpConnection.lambda$connectAsync$1(Unknown Source)
at java.base/java.util.concurrent.CompletableFuture.uniHandle(Unknown Source)
at java.base/java.util.concurrent.CompletableFuture$UniHandle.tryFire(Unknown Source)
at java.base/java.util.concurrent.CompletableFuture.postComplete(Unknown Source)
at java.base/java.util.concurrent.CompletableFuture$AsyncSupply.run(Unknown Source)
... 3 more
Caused by: java.nio.channels.ClosedChannelException
at java.base/sun.nio.ch.SocketChannelImpl.ensureOpen(Unknown Source)
at java.base/sun.nio.ch.SocketChannelImpl.beginConnect(Unknown Source)
at java.base/sun.nio.ch.SocketChannelImpl.connect(Unknown Source)
at java.net.http/jdk.internal.net.http.PlainHttpConnection.lambda$connectAsync$0(Unknown Source)
at java.base/java.security.AccessController.doPrivileged(Unknown Source)
... 10 more
]]>
    </error>
  </testcase> <!-- tearDown -->
  <testcase classname="com.debs.tests.vendorapp.VendorAppTest" name="vendorData" time="0.267">
    <error message="Could not start a new session. Possible causes are invalid address of the remote server or browser start-up failure. 
Host info: host: &#039;e9f15272056e&#039;, ip: &#039;172.18.0.5&#039;
Build info: version: &#039;4.33.0&#039;, revision: &#039;2c6aaad03a&#039;
System info: os.name: &#039;Linux&#039;, os.arch: &#039;amd64&#039;, os.version: &#039;6.6.87.2-microsoft-standard-WSL2&#039;, java.version: &#039;17.0.18&#039;
Driver info: org.openqa.selenium.remote.RemoteWebDriver
Command: [null, newSession {capabilities=[Capabilities {browserName: chrome, goog:chromeOptions: {args: [--no-sandbox, --disable-dev-shm-usage, --disable-gpu], extensions: []}}]}]
Capabilities {browserName: chrome, goog:chromeOptions: {args: [--no-sandbox, --disable-dev-shm-usage, --disable-gpu], extensions: []}}" type="org.openqa.selenium.SessionNotCreatedException">
      <![CDATA[org.openqa.selenium.SessionNotCreatedException: Could not start a new session. Possible causes are invalid address of the remote server or browser start-up failure. 
Host info: host: 'e9f15272056e', ip: '172.18.0.5'
Build info: version: '4.33.0', revision: '2c6aaad03a'
System info: os.name: 'Linux', os.arch: 'amd64', os.version: '6.6.87.2-microsoft-standard-WSL2', java.version: '17.0.18'
Driver info: org.openqa.selenium.remote.RemoteWebDriver
Command: [null, newSession {capabilities=[Capabilities {browserName: chrome, goog:chromeOptions: {args: [--no-sandbox, --disable-dev-shm-usage, --disable-gpu], extensions: []}}]}]
Capabilities {browserName: chrome, goog:chromeOptions: {args: [--no-sandbox, --disable-dev-shm-usage, --disable-gpu], extensions: []}}
at org.openqa.selenium.remote.RemoteWebDriver.execute(RemoteWebDriver.java:562)
at org.openqa.selenium.remote.RemoteWebDriver.startSession(RemoteWebDriver.java:244)
at org.openqa.selenium.remote.RemoteWebDriver.<init>(RemoteWebDriver.java:173)
at org.openqa.selenium.remote.RemoteWebDriver.<init>(RemoteWebDriver.java:151)
at com.debs.utils.DriverFactory.createRemoteDriver(DriverFactory.java:102)
at com.debs.utils.DriverFactory.createDriver(DriverFactory.java:45)
at com.debs.utils.DriverFactory.getDriver(DriverFactory.java:27)
at com.debs.utils.BasePage.<init>(BasePage.java:23)
at com.debs.pages.vendorapp.LoginPage.<init>(LoginPage.java:22)
at com.debs.tests.vendorapp.VendorAppTest.vendorData(VendorAppTest.java:30)
at java.base/jdk.internal.reflect.NativeMethodAccessorImpl.invoke0(Native Method)
at java.base/jdk.internal.reflect.NativeMethodAccessorImpl.invoke(Unknown Source)
at java.base/jdk.internal.reflect.DelegatingMethodAccessorImpl.invoke(Unknown Source)
at java.base/java.lang.reflect.Method.invoke(Unknown Source)
at org.testng.internal.invokers.MethodInvocationHelper.invokeMethod(MethodInvocationHelper.java:139)
at org.testng.internal.invokers.TestInvoker.invokeMethod(TestInvoker.java:664)
at org.testng.internal.invokers.TestInvoker.retryFailed(TestInvoker.java:249)
at org.testng.internal.invokers.TestMethodWithDataProviderMethodWorker.call(TestMethodWithDataProviderMethodWorker.java:104)
at java.base/java.util.concurrent.CompletableFuture$AsyncSupply.run(Unknown Source)
at java.base/java.util.concurrent.ThreadPoolExecutor.runWorker(Unknown Source)
at java.base/java.util.concurrent.ThreadPoolExecutor$Worker.run(Unknown Source)
at java.base/java.lang.Thread.run(Unknown Source)
Caused by: java.io.UncheckedIOException: java.net.ConnectException
at org.openqa.selenium.remote.http.jdk.JdkHttpClient.execute0(JdkHttpClient.java:500)
at org.openqa.selenium.remote.http.AddSeleniumUserAgent.lambda$apply$0(AddSeleniumUserAgent.java:42)
at org.openqa.selenium.remote.http.Filter.lambda$andFinally$1(Filter.java:55)
at org.openqa.selenium.remote.http.jdk.JdkHttpClient.lambda$executeAsync$2(JdkHttpClient.java:387)
at java.base/java.util.concurrent.Executors$RunnableAdapter.call(Unknown Source)
at java.base/java.util.concurrent.FutureTask.run(Unknown Source)
... 3 more
Caused by: java.net.ConnectException
at java.net.http/jdk.internal.net.http.HttpClientImpl.send(Unknown Source)
at java.net.http/jdk.internal.net.http.HttpClientFacade.send(Unknown Source)
at org.openqa.selenium.remote.http.jdk.JdkHttpClient.execute0(JdkHttpClient.java:459)
... 8 more
Caused by: java.net.ConnectException
at java.net.http/jdk.internal.net.http.common.Utils.toConnectException(Unknown Source)
at java.net.http/jdk.internal.net.http.PlainHttpConnection.connectAsync(Unknown Source)
at java.net.http/jdk.internal.net.http.PlainHttpConnection.checkRetryConnect(Unknown Source)
at java.net.http/jdk.internal.net.http.PlainHttpConnection.lambda$connectAsync$1(Unknown Source)
at java.base/java.util.concurrent.CompletableFuture.uniHandle(Unknown Source)
at java.base/java.util.concurrent.CompletableFuture$UniHandle.tryFire(Unknown Source)
at java.base/java.util.concurrent.CompletableFuture.postComplete(Unknown Source)
at java.base/java.util.concurrent.CompletableFuture$AsyncSupply.run(Unknown Source)
... 3 more
Caused by: java.nio.channels.ClosedChannelException
at java.base/sun.nio.ch.SocketChannelImpl.ensureOpen(Unknown Source)
at java.base/sun.nio.ch.SocketChannelImpl.beginConnect(Unknown Source)
at java.base/sun.nio.ch.SocketChannelImpl.connect(Unknown Source)
at java.net.http/jdk.internal.net.http.PlainHttpConnection.lambda$connectAsync$0(Unknown Source)
at java.base/java.security.AccessController.doPrivileged(Unknown Source)
... 10 more
]]>
    </error>
  </testcase> <!-- vendorData -->
  <testcase classname="com.debs.tests.vendorapp.VendorAppTest" name="vendorData" time="2.745">
    <skipped/>
  </testcase> <!-- vendorData -->
  <testcase classname="com.debs.tests.vendorapp.VendorAppTest" name="vendorData" time="0.238">
    <skipped/>
  </testcase> <!-- vendorData -->
  <testcase classname="com.debs.tests.vendorapp.VendorAppTest" name="tearDown" time="0.240">
    <error message="Could not start a new session. Possible causes are invalid address of the remote server or browser start-up failure. 
Host info: host: &#039;e9f15272056e&#039;, ip: &#039;172.18.0.5&#039;
Build info: version: &#039;4.33.0&#039;, revision: &#039;2c6aaad03a&#039;
System info: os.name: &#039;Linux&#039;, os.arch: &#039;amd64&#039;, os.version: &#039;6.6.87.2-microsoft-standard-WSL2&#039;, java.version: &#039;17.0.18&#039;
Driver info: org.openqa.selenium.remote.RemoteWebDriver
Command: [null, newSession {capabilities=[Capabilities {browserName: chrome, goog:chromeOptions: {args: [--no-sandbox, --disable-dev-shm-usage, --disable-gpu], extensions: []}}]}]
Capabilities {browserName: chrome, goog:chromeOptions: {args: [--no-sandbox, --disable-dev-shm-usage, --disable-gpu], extensions: []}}" type="org.openqa.selenium.SessionNotCreatedException">
      <![CDATA[org.openqa.selenium.SessionNotCreatedException: Could not start a new session. Possible causes are invalid address of the remote server or browser start-up failure. 
Host info: host: 'e9f15272056e', ip: '172.18.0.5'
Build info: version: '4.33.0', revision: '2c6aaad03a'
System info: os.name: 'Linux', os.arch: 'amd64', os.version: '6.6.87.2-microsoft-standard-WSL2', java.version: '17.0.18'
Driver info: org.openqa.selenium.remote.RemoteWebDriver
Command: [null, newSession {capabilities=[Capabilities {browserName: chrome, goog:chromeOptions: {args: [--no-sandbox, --disable-dev-shm-usage, --disable-gpu], extensions: []}}]}]
Capabilities {browserName: chrome, goog:chromeOptions: {args: [--no-sandbox, --disable-dev-shm-usage, --disable-gpu], extensions: []}}
at org.openqa.selenium.remote.RemoteWebDriver.execute(RemoteWebDriver.java:562)
at org.openqa.selenium.remote.RemoteWebDriver.startSession(RemoteWebDriver.java:244)
at org.openqa.selenium.remote.RemoteWebDriver.<init>(RemoteWebDriver.java:173)
at org.openqa.selenium.remote.RemoteWebDriver.<init>(RemoteWebDriver.java:151)
at com.debs.utils.DriverFactory.createRemoteDriver(DriverFactory.java:102)
at com.debs.utils.DriverFactory.createDriver(DriverFactory.java:45)
at com.debs.utils.DriverFactory.getDriver(DriverFactory.java:27)
at com.debs.tests.vendorapp.BaseTest.tearDown(BaseTest.java:20)
at java.base/jdk.internal.reflect.NativeMethodAccessorImpl.invoke0(Native Method)
at java.base/jdk.internal.reflect.NativeMethodAccessorImpl.invoke(Unknown Source)
at java.base/jdk.internal.reflect.DelegatingMethodAccessorImpl.invoke(Unknown Source)
at java.base/java.lang.reflect.Method.invoke(Unknown Source)
at org.testng.internal.invokers.MethodInvocationHelper.invokeMethod(MethodInvocationHelper.java:139)
at org.testng.internal.invokers.MethodInvocationHelper.invokeMethodConsideringTimeout(MethodInvocationHelper.java:69)
at org.testng.internal.invokers.ConfigInvoker.invokeConfigurationMethod(ConfigInvoker.java:393)
at org.testng.internal.invokers.ConfigInvoker.invokeConfigurations(ConfigInvoker.java:326)
at org.testng.internal.invokers.TestInvoker.runConfigMethods(TestInvoker.java:810)
at org.testng.internal.invokers.TestInvoker.runAfterConfigurations(TestInvoker.java:779)
at org.testng.internal.invokers.TestInvoker.invokeMethod(TestInvoker.java:755)
at org.testng.internal.invokers.TestInvoker.invokeTestMethod(TestInvoker.java:228)
at org.testng.internal.invokers.TestMethodWithDataProviderMethodWorker.call(TestMethodWithDataProviderMethodWorker.java:80)
at java.base/java.util.concurrent.CompletableFuture$AsyncSupply.run(Unknown Source)
at java.base/java.util.concurrent.ThreadPoolExecutor.runWorker(Unknown Source)
at java.base/java.util.concurrent.ThreadPoolExecutor$Worker.run(Unknown Source)
at java.base/java.lang.Thread.run(Unknown Source)
Caused by: java.io.UncheckedIOException: java.net.ConnectException
at org.openqa.selenium.remote.http.jdk.JdkHttpClient.execute0(JdkHttpClient.java:500)
at org.openqa.selenium.remote.http.AddSeleniumUserAgent.lambda$apply$0(AddSeleniumUserAgent.java:42)
at org.openqa.selenium.remote.http.Filter.lambda$andFinally$1(Filter.java:55)
at org.openqa.selenium.remote.http.jdk.JdkHttpClient.lambda$executeAsync$2(JdkHttpClient.java:387)
at java.base/java.util.concurrent.Executors$RunnableAdapter.call(Unknown Source)
at java.base/java.util.concurrent.FutureTask.run(Unknown Source)
... 3 more
Caused by: java.net.ConnectException
at java.net.http/jdk.internal.net.http.HttpClientImpl.send(Unknown Source)
at java.net.http/jdk.internal.net.http.HttpClientFacade.send(Unknown Source)
at org.openqa.selenium.remote.http.jdk.JdkHttpClient.execute0(JdkHttpClient.java:459)
... 8 more
Caused by: java.net.ConnectException
at java.net.http/jdk.internal.net.http.common.Utils.toConnectException(Unknown Source)
at java.net.http/jdk.internal.net.http.PlainHttpConnection.connectAsync(Unknown Source)
at java.net.http/jdk.internal.net.http.PlainHttpConnection.checkRetryConnect(Unknown Source)
at java.net.http/jdk.internal.net.http.PlainHttpConnection.lambda$connectAsync$1(Unknown Source)
at java.base/java.util.concurrent.CompletableFuture.uniHandle(Unknown Source)
at java.base/java.util.concurrent.CompletableFuture$UniHandle.tryFire(Unknown Source)
at java.base/java.util.concurrent.CompletableFuture.postComplete(Unknown Source)
at java.base/java.util.concurrent.CompletableFuture$AsyncSupply.run(Unknown Source)
... 3 more
Caused by: java.nio.channels.ClosedChannelException
at java.base/sun.nio.ch.SocketChannelImpl.ensureOpen(Unknown Source)
at java.base/sun.nio.ch.SocketChannelImpl.beginConnect(Unknown Source)
at java.base/sun.nio.ch.SocketChannelImpl.connect(Unknown Source)
at java.net.http/jdk.internal.net.http.PlainHttpConnection.lambda$connectAsync$0(Unknown Source)
at java.base/java.security.AccessController.doPrivileged(Unknown Source)
... 10 more
]]>
    </error>
  </testcase> <!-- tearDown -->
  <testcase classname="com.debs.tests.vendorapp.VendorAppTest" name="vendorData" time="0.173">
    <skipped/>
  </testcase> <!-- vendorData -->
  <testcase classname="com.debs.tests.vendorapp.VendorAppTest" name="vendorData" time="2.743">
    <skipped/>
  </testcase> <!-- vendorData -->
  <testcase classname="com.debs.tests.vendorapp.VendorAppTest" name="vendorData" time="0.181">
    <skipped/>
  </testcase> <!-- vendorData -->
  <testcase classname="com.debs.tests.vendorapp.VendorAppTest" name="vendorData" time="8.356">
    <error message="org.openqa.selenium.SessionNotCreatedException: Could not start a new session. Possible causes are invalid address of the remote server or browser start-up failure. 
Host info: host: &#039;e9f15272056e&#039;, ip: &#039;172.18.0.5&#039;
Build info: version: &#039;4.33.0&#039;, revision: &#039;2c6aaad03a&#039;
System info: os.name: &#039;Linux&#039;, os.arch: &#039;amd64&#039;, os.version: &#039;6.6.87.2-microsoft-standard-WSL2&#039;, java.version: &#039;17.0.18&#039;
Driver info: org.openqa.selenium.remote.RemoteWebDriver
Command: [null, newSession {capabilities=[Capabilities {browserName: chrome, goog:chromeOptions: {args: [--no-sandbox, --disable-dev-shm-usage, --disable-gpu], extensions: []}}]}]
Capabilities {browserName: chrome, goog:chromeOptions: {args: [--no-sandbox, --disable-dev-shm-usage, --disable-gpu], extensions: []}}" type="java.util.concurrent.CompletionException">
      <![CDATA[java.util.concurrent.CompletionException: org.openqa.selenium.SessionNotCreatedException: Could not start a new session. Possible causes are invalid address of the remote server or browser start-up failure. 
Host info: host: 'e9f15272056e', ip: '172.18.0.5'
Build info: version: '4.33.0', revision: '2c6aaad03a'
System info: os.name: 'Linux', os.arch: 'amd64', os.version: '6.6.87.2-microsoft-standard-WSL2', java.version: '17.0.18'
Driver info: org.openqa.selenium.remote.RemoteWebDriver
Command: [null, newSession {capabilities=[Capabilities {browserName: chrome, goog:chromeOptions: {args: [--no-sandbox, --disable-dev-shm-usage, --disable-gpu], extensions: []}}]}]
Capabilities {browserName: chrome, goog:chromeOptions: {args: [--no-sandbox, --disable-dev-shm-usage, --disable-gpu], extensions: []}}
at java.base/java.util.concurrent.CompletableFuture.encodeThrowable(Unknown Source)
at java.base/java.util.concurrent.CompletableFuture.completeThrowable(Unknown Source)
at java.base/java.util.concurrent.CompletableFuture$AsyncSupply.run(Unknown Source)
at java.base/java.util.concurrent.ThreadPoolExecutor.runWorker(Unknown Source)
at java.base/java.util.concurrent.ThreadPoolExecutor$Worker.run(Unknown Source)
at java.base/java.lang.Thread.run(Unknown Source)
Caused by: org.openqa.selenium.SessionNotCreatedException: Could not start a new session. Possible causes are invalid address of the remote server or browser start-up failure. 
Host info: host: 'e9f15272056e', ip: '172.18.0.5'
Build info: version: '4.33.0', revision: '2c6aaad03a'
System info: os.name: 'Linux', os.arch: 'amd64', os.version: '6.6.87.2-microsoft-standard-WSL2', java.version: '17.0.18'
Driver info: org.openqa.selenium.remote.RemoteWebDriver
Command: [null, newSession {capabilities=[Capabilities {browserName: chrome, goog:chromeOptions: {args: [--no-sandbox, --disable-dev-shm-usage, --disable-gpu], extensions: []}}]}]
Capabilities {browserName: chrome, goog:chromeOptions: {args: [--no-sandbox, --disable-dev-shm-usage, --disable-gpu], extensions: []}}
at org.openqa.selenium.remote.RemoteWebDriver.execute(RemoteWebDriver.java:562)
at org.openqa.selenium.remote.RemoteWebDriver.startSession(RemoteWebDriver.java:244)
at org.openqa.selenium.remote.RemoteWebDriver.<init>(RemoteWebDriver.java:173)
at org.openqa.selenium.remote.RemoteWebDriver.<init>(RemoteWebDriver.java:151)
at com.debs.utils.DriverFactory.createRemoteDriver(DriverFactory.java:102)
at com.debs.utils.DriverFactory.createDriver(DriverFactory.java:45)
at com.debs.utils.DriverFactory.getDriver(DriverFactory.java:27)
at com.debs.utils.ScreenshotUtil.captureScreenshot(ScreenshotUtil.java:34)
at com.debs.listeners.TestListener.onTestFailure(TestListener.java:70)
at org.testng.internal.TestListenerHelper.runTestListeners(TestListenerHelper.java:108)
at org.testng.internal.invokers.TestInvoker.runTestResultListener(TestInvoker.java:263)
at org.testng.internal.invokers.TestInvoker.invokeMethod(TestInvoker.java:751)
at org.testng.internal.invokers.TestInvoker.retryFailed(TestInvoker.java:249)
at org.testng.internal.invokers.TestMethodWithDataProviderMethodWorker.call(TestMethodWithDataProviderMethodWorker.java:104)
... 4 more
Caused by: java.io.UncheckedIOException: java.net.ConnectException
at org.openqa.selenium.remote.http.jdk.JdkHttpClient.execute0(JdkHttpClient.java:500)
at org.openqa.selenium.remote.http.AddSeleniumUserAgent.lambda$apply$0(AddSeleniumUserAgent.java:42)
at org.openqa.selenium.remote.http.Filter.lambda$andFinally$1(Filter.java:55)
at org.openqa.selenium.remote.http.jdk.JdkHttpClient.lambda$executeAsync$2(JdkHttpClient.java:387)
at java.base/java.util.concurrent.Executors$RunnableAdapter.call(Unknown Source)
at java.base/java.util.concurrent.FutureTask.run(Unknown Source)
... 3 more
Caused by: java.net.ConnectException
at java.net.http/jdk.internal.net.http.HttpClientImpl.send(Unknown Source)
at java.net.http/jdk.internal.net.http.HttpClientFacade.send(Unknown Source)
at org.openqa.selenium.remote.http.jdk.JdkHttpClient.execute0(JdkHttpClient.java:459)
... 8 more
Caused by: java.net.ConnectException
at java.net.http/jdk.internal.net.http.common.Utils.toConnectException(Unknown Source)
at java.net.http/jdk.internal.net.http.PlainHttpConnection.connectAsync(Unknown Source)
at java.net.http/jdk.internal.net.http.PlainHttpConnection.checkRetryConnect(Unknown Source)
at java.net.http/jdk.internal.net.http.PlainHttpConnection.lambda$connectAsync$1(Unknown Source)
at java.base/java.util.concurrent.CompletableFuture.uniHandle(Unknown Source)
at java.base/java.util.concurrent.CompletableFuture$UniHandle.tryFire(Unknown Source)
at java.base/java.util.concurrent.CompletableFuture.postComplete(Unknown Source)
at java.base/java.util.concurrent.CompletableFuture$AsyncSupply.run(Unknown Source)
... 3 more
Caused by: java.nio.channels.ClosedChannelException
at java.base/sun.nio.ch.SocketChannelImpl.ensureOpen(Unknown Source)
at java.base/sun.nio.ch.SocketChannelImpl.beginConnect(Unknown Source)
at java.base/sun.nio.ch.SocketChannelImpl.connect(Unknown Source)
at java.net.http/jdk.internal.net.http.PlainHttpConnection.lambda$connectAsync$0(Unknown Source)
at java.base/java.security.AccessController.doPrivileged(Unknown Source)
... 10 more
]]>
    </error>
  </testcase> <!-- vendorData -->
  <testcase classname="com.debs.tests.vendorapp.VendorAppTest" name="vendorData" time="2.740">
    <skipped/>
  </testcase> <!-- vendorData -->
  <testcase classname="com.debs.tests.vendorapp.VendorAppTest" name="tearDown" time="0.199">
    <error message="Could not start a new session. Possible causes are invalid address of the remote server or browser start-up failure. 
Host info: host: &#039;e9f15272056e&#039;, ip: &#039;172.18.0.5&#039;
Build info: version: &#039;4.33.0&#039;, revision: &#039;2c6aaad03a&#039;
System info: os.name: &#039;Linux&#039;, os.arch: &#039;amd64&#039;, os.version: &#039;6.6.87.2-microsoft-standard-WSL2&#039;, java.version: &#039;17.0.18&#039;
Driver info: org.openqa.selenium.remote.RemoteWebDriver
Command: [null, newSession {capabilities=[Capabilities {browserName: chrome, goog:chromeOptions: {args: [--no-sandbox, --disable-dev-shm-usage, --disable-gpu], extensions: []}}]}]
Capabilities {browserName: chrome, goog:chromeOptions: {args: [--no-sandbox, --disable-dev-shm-usage, --disable-gpu], extensions: []}}" type="org.openqa.selenium.SessionNotCreatedException">
      <![CDATA[org.openqa.selenium.SessionNotCreatedException: Could not start a new session. Possible causes are invalid address of the remote server or browser start-up failure. 
Host info: host: 'e9f15272056e', ip: '172.18.0.5'
Build info: version: '4.33.0', revision: '2c6aaad03a'
System info: os.name: 'Linux', os.arch: 'amd64', os.version: '6.6.87.2-microsoft-standard-WSL2', java.version: '17.0.18'
Driver info: org.openqa.selenium.remote.RemoteWebDriver
Command: [null, newSession {capabilities=[Capabilities {browserName: chrome, goog:chromeOptions: {args: [--no-sandbox, --disable-dev-shm-usage, --disable-gpu], extensions: []}}]}]
Capabilities {browserName: chrome, goog:chromeOptions: {args: [--no-sandbox, --disable-dev-shm-usage, --disable-gpu], extensions: []}}
at org.openqa.selenium.remote.RemoteWebDriver.execute(RemoteWebDriver.java:562)
at org.openqa.selenium.remote.RemoteWebDriver.startSession(RemoteWebDriver.java:244)
at org.openqa.selenium.remote.RemoteWebDriver.<init>(RemoteWebDriver.java:173)
at org.openqa.selenium.remote.RemoteWebDriver.<init>(RemoteWebDriver.java:151)
at com.debs.utils.DriverFactory.createRemoteDriver(DriverFactory.java:102)
at com.debs.utils.DriverFactory.createDriver(DriverFactory.java:45)
at com.debs.utils.DriverFactory.getDriver(DriverFactory.java:27)
at com.debs.tests.vendorapp.BaseTest.tearDown(BaseTest.java:20)
at java.base/jdk.internal.reflect.NativeMethodAccessorImpl.invoke0(Native Method)
at java.base/jdk.internal.reflect.NativeMethodAccessorImpl.invoke(Unknown Source)
at java.base/jdk.internal.reflect.DelegatingMethodAccessorImpl.invoke(Unknown Source)
at java.base/java.lang.reflect.Method.invoke(Unknown Source)
at org.testng.internal.invokers.MethodInvocationHelper.invokeMethod(MethodInvocationHelper.java:139)
at org.testng.internal.invokers.MethodInvocationHelper.invokeMethodConsideringTimeout(MethodInvocationHelper.java:69)
at org.testng.internal.invokers.ConfigInvoker.invokeConfigurationMethod(ConfigInvoker.java:393)
at org.testng.internal.invokers.ConfigInvoker.invokeConfigurations(ConfigInvoker.java:326)
at org.testng.internal.invokers.TestInvoker.runConfigMethods(TestInvoker.java:810)
at org.testng.internal.invokers.TestInvoker.runAfterConfigurations(TestInvoker.java:779)
at org.testng.internal.invokers.TestInvoker.invokeMethod(TestInvoker.java:755)
at org.testng.internal.invokers.TestInvoker.invokeTestMethod(TestInvoker.java:228)
at org.testng.internal.invokers.TestMethodWithDataProviderMethodWorker.call(TestMethodWithDataProviderMethodWorker.java:80)
at java.base/java.util.concurrent.CompletableFuture$AsyncSupply.run(Unknown Source)
at java.base/java.util.concurrent.ThreadPoolExecutor.runWorker(Unknown Source)
at java.base/java.util.concurrent.ThreadPoolExecutor$Worker.run(Unknown Source)
at java.base/java.lang.Thread.run(Unknown Source)
Caused by: java.io.UncheckedIOException: java.net.ConnectException
at org.openqa.selenium.remote.http.jdk.JdkHttpClient.execute0(JdkHttpClient.java:500)
at org.openqa.selenium.remote.http.AddSeleniumUserAgent.lambda$apply$0(AddSeleniumUserAgent.java:42)
at org.openqa.selenium.remote.http.Filter.lambda$andFinally$1(Filter.java:55)
at org.openqa.selenium.remote.http.jdk.JdkHttpClient.lambda$executeAsync$2(JdkHttpClient.java:387)
at java.base/java.util.concurrent.Executors$RunnableAdapter.call(Unknown Source)
at java.base/java.util.concurrent.FutureTask.run(Unknown Source)
... 3 more
Caused by: java.net.ConnectException
at java.net.http/jdk.internal.net.http.HttpClientImpl.send(Unknown Source)
at java.net.http/jdk.internal.net.http.HttpClientFacade.send(Unknown Source)
at org.openqa.selenium.remote.http.jdk.JdkHttpClient.execute0(JdkHttpClient.java:459)
... 8 more
Caused by: java.net.ConnectException
at java.net.http/jdk.internal.net.http.common.Utils.toConnectException(Unknown Source)
at java.net.http/jdk.internal.net.http.PlainHttpConnection.connectAsync(Unknown Source)
at java.net.http/jdk.internal.net.http.PlainHttpConnection.checkRetryConnect(Unknown Source)
at java.net.http/jdk.internal.net.http.PlainHttpConnection.lambda$connectAsync$1(Unknown Source)
at java.base/java.util.concurrent.CompletableFuture.uniHandle(Unknown Source)
at java.base/java.util.concurrent.CompletableFuture$UniHandle.tryFire(Unknown Source)
at java.base/java.util.concurrent.CompletableFuture.postComplete(Unknown Source)
at java.base/java.util.concurrent.CompletableFuture$AsyncSupply.run(Unknown Source)
... 3 more
Caused by: java.nio.channels.ClosedChannelException
at java.base/sun.nio.ch.SocketChannelImpl.ensureOpen(Unknown Source)
at java.base/sun.nio.ch.SocketChannelImpl.beginConnect(Unknown Source)
at java.base/sun.nio.ch.SocketChannelImpl.connect(Unknown Source)
at java.net.http/jdk.internal.net.http.PlainHttpConnection.lambda$connectAsync$0(Unknown Source)
at java.base/java.security.AccessController.doPrivileged(Unknown Source)
... 10 more
]]>
    </error>
  </testcase> <!-- tearDown -->
</testsuite> <!-- com.debs.tests.vendorapp.VendorAppTest -->
