<?xml version="1.0" encoding="UTF-8"?>
<testng-results retried="6" ignored="6" total="14" passed="0" failed="2" skipped="0">
  <reporter-output>
  </reporter-output>
  <suite started-at="2026-03-09T17:48:10 GMT" name="Suite" finished-at="2026-03-09T17:48:23 GMT" duration-ms="13662">
    <groups>
    </groups>
    <test started-at="2026-03-09T17:48:10 GMT" name="Book flights Test" finished-at="2026-03-09T17:48:23 GMT" duration-ms="13662">
      <class name="com.debs.tests.vendorapp.VendorAppTest">
        <test-method is-config="true" signature="setUpProperties()[pri:0, instance:com.debs.tests.vendorapp.VendorAppTest@2ea6e30c]" started-at="2026-03-09T17:48:09 GMT" name="setUpProperties" finished-at="2026-03-09T17:48:10 GMT" duration-ms="137" status="PASS">
          <reporter-output>
          </reporter-output>
        </test-method> <!-- setUpProperties -->
        <test-method is-config="true" signature="setPageObjects(java.lang.String)[pri:0, instance:com.debs.tests.vendorapp.VendorAppTest@2ea6e30c]" started-at="2026-03-09T17:48:12 GMT" name="setPageObjects" finished-at="2026-03-09T17:48:12 GMT" duration-ms="4" status="PASS">
          <params>
            <param index="0">
              <value>
                <![CDATA[vendorapp]]>
              </value>
            </param>
          </params>
          <reporter-output>
          </reporter-output>
        </test-method> <!-- setPageObjects -->
        <test-method signature="vendorData(com.debs.records.vendorapp.VendorPortalTestData)[pri:0, instance:com.debs.tests.vendorapp.VendorAppTest@2ea6e30c]" started-at="2026-03-09T17:48:12 GMT" name="vendorData" data-provider="jsonData" finished-at="2026-03-09T17:48:20 GMT" duration-ms="8356" status="FAIL">
          <exception class="java.util.concurrent.CompletionException">
            <message>
              <![CDATA[org.openqa.selenium.SessionNotCreatedException: Could not start a new session. Possible causes are invalid address of the remote server or browser start-up failure. 
Host info: host: 'e9f15272056e', ip: '172.18.0.5'
Build info: version: '4.33.0', revision: '2c6aaad03a'
System info: os.name: 'Linux', os.arch: 'amd64', os.version: '6.6.87.2-microsoft-standard-WSL2', java.version: '17.0.18'
Driver info: org.openqa.selenium.remote.RemoteWebDriver
Command: [null, newSession {capabilities=[Capabilities {browserName: chrome, goog:chromeOptions: {args: [--no-sandbox, --disable-dev-shm-usage, --disable-gpu], extensions: []}}]}]
Capabilities {browserName: chrome, goog:chromeOptions: {args: [--no-sandbox, --disable-dev-shm-usage, --disable-gpu], extensions: []}}]]>
            </message>
            <full-stacktrace>
              <![CDATA[java.util.concurrent.CompletionException: org.openqa.selenium.SessionNotCreatedException: Could not start a new session. Possible causes are invalid address of the remote server or browser start-up failure. 
Host info: host: 'e9f15272056e', ip: '172.18.0.5'
Build info: version: '4.33.0', revision: '2c6aaad03a'
System info: os.name: 'Linux', os.arch: 'amd64', os.version: '6.6.87.2-microsoft-standard-WSL2', java.version: '17.0.18'
Driver info: org.openqa.selenium.remote.RemoteWebDriver
Command: [null, newSession {capabilities=[Capabilities {browserName: chrome, goog:chromeOptions: {args: [--no-sandbox, --disable-dev-shm-usage, --disable-gpu], extensions: []}}]}]
Capabilities {browserName: chrome, goog:chromeOptions: {args: [--no-sandbox, --disable-dev-shm-usage, --disable-gpu], extensions: []}}
at java.base/java.util.concurrent.CompletableFuture.encodeThrowable(Unknown Source)
at java.base/java.util.concurrent.CompletableFuture.completeThrowable(Unknown Source)
at java.base/java.util.concurrent.CompletableFuture$AsyncSupply.run(Unknown Source)
at java.base/java.util.concurrent.ThreadPoolExecutor.runWorker(Unknown Source)
at java.base/java.util.concurrent.ThreadPoolExecutor$Worker.run(Unknown Source)
at java.base/java.lang.Thread.run(Unknown Source)
Caused by: org.openqa.selenium.SessionNotCreatedException: Could not start a new session. Possible causes are invalid address of the remote server or browser start-up failure. 
Host info: host: 'e9f15272056e', ip: '172.18.0.5'
Build info: version: '4.33.0', revision: '2c6aaad03a'
System info: os.name: 'Linux', os.arch: 'amd64', os.version: '6.6.87.2-microsoft-standard-WSL2', java.version: '17.0.18'
Driver info: org.openqa.selenium.remote.RemoteWebDriver
Command: [null, newSession {capabilities=[Capabilities {browserName: chrome, goog:chromeOptions: {args: [--no-sandbox, --disable-dev-shm-usage, --disable-gpu], extensions: []}}]}]
Capabilities {browserName: chrome, goog:chromeOptions: {args: [--no-sandbox, --disable-dev-shm-usage, --disable-gpu], extensions: []}}
at org.openqa.selenium.remote.RemoteWebDriver.execute(RemoteWebDriver.java:562)
at org.openqa.selenium.remote.RemoteWebDriver.startSession(RemoteWebDriver.java:244)
at org.openqa.selenium.remote.RemoteWebDriver.<init>(RemoteWebDriver.java:173)
at org.openqa.selenium.remote.RemoteWebDriver.<init>(RemoteWebDriver.java:151)
at com.debs.utils.DriverFactory.createRemoteDriver(DriverFactory.java:102)
at com.debs.utils.DriverFactory.createDriver(DriverFactory.java:45)
at com.debs.utils.DriverFactory.getDriver(DriverFactory.java:27)
at com.debs.utils.ScreenshotUtil.captureScreenshot(ScreenshotUtil.java:34)
at com.debs.listeners.TestListener.onTestFailure(TestListener.java:70)
at org.testng.internal.TestListenerHelper.runTestListeners(TestListenerHelper.java:108)
at org.testng.internal.invokers.TestInvoker.runTestResultListener(TestInvoker.java:263)
at org.testng.internal.invokers.TestInvoker.invokeMethod(TestInvoker.java:751)
at org.testng.internal.invokers.TestInvoker.retryFailed(TestInvoker.java:249)
at org.testng.internal.invokers.TestMethodWithDataProviderMethodWorker.call(TestMethodWithDataProviderMethodWorker.java:104)
... 4 more
Caused by: java.io.UncheckedIOException: java.net.ConnectException
at org.openqa.selenium.remote.http.jdk.JdkHttpClient.execute0(JdkHttpClient.java:500)
at org.openqa.selenium.remote.http.AddSeleniumUserAgent.lambda$apply$0(AddSeleniumUserAgent.java:42)
at org.openqa.selenium.remote.http.Filter.lambda$andFinally$1(Filter.java:55)
at org.openqa.selenium.remote.http.jdk.JdkHttpClient.lambda$executeAsync$2(JdkHttpClient.java:387)
at java.base/java.util.concurrent.Executors$RunnableAdapter.call(Unknown Source)
at java.base/java.util.concurrent.FutureTask.run(Unknown Source)
... 3 more
Caused by: java.net.ConnectException
at java.net.http/jdk.internal.net.http.HttpClientImpl.send(Unknown Source)
at java.net.http/jdk.internal.net.http.HttpClientFacade.send(Unknown Source)
at org.openqa.selenium.remote.http.jdk.JdkHttpClient.execute0(JdkHttpClient.java:459)
... 8 more
Caused by: java.net.ConnectException
at java.net.http/jdk.internal.net.http.common.Utils.toConnectException(Unknown Source)
at java.net.http/jdk.internal.net.http.PlainHttpConnection.connectAsync(Unknown Source)
at java.net.http/jdk.internal.net.http.PlainHttpConnection.checkRetryConnect(Unknown Source)
at java.net.http/jdk.internal.net.http.PlainHttpConnection.lambda$connectAsync$1(Unknown Source)
at java.base/java.util.concurrent.CompletableFuture.uniHandle(Unknown Source)
at java.base/java.util.concurrent.CompletableFuture$UniHandle.tryFire(Unknown Source)
at java.base/java.util.concurrent.CompletableFuture.postComplete(Unknown Source)
at java.base/java.util.concurrent.CompletableFuture$AsyncSupply.run(Unknown Source)
... 3 more
Caused by: java.nio.channels.ClosedChannelException
at java.base/sun.nio.ch.SocketChannelImpl.ensureOpen(Unknown Source)
at java.base/sun.nio.ch.SocketChannelImpl.beginConnect(Unknown Source)
at java.base/sun.nio.ch.SocketChannelImpl.connect(Unknown Source)
at java.net.http/jdk.internal.net.http.PlainHttpConnection.lambda$connectAsync$0(Unknown Source)
at java.base/java.security.AccessController.doPrivileged(Unknown Source)
... 10 more
]]>
            </full-stacktrace>
          </exception> <!-- java.util.concurrent.CompletionException -->
          <reporter-output>
          </reporter-output>
        </test-method> <!-- vendorData -->
        <test-method retried="true" signature="vendorData(com.debs.records.vendorapp.VendorPortalTestData)[pri:0, instance:com.debs.tests.vendorapp.VendorAppTest@2ea6e30c]" started-at="2026-03-09T17:48:13 GMT" name="vendorData" data-provider="jsonData" finished-at="2026-03-09T17:48:15 GMT" duration-ms="2745" status="SKIP">
          <params>
            <param index="0">
              <value>
                <![CDATA[VendorPortalTestData[username=john, password=john, monthlyEarning=$3,453, annualEarning=$34,485, profitMargin=-16%, availableInventory=67, searchKeyword=2024/01/01, searchResultsCount=0]]]>
              </value>
            </param>
          </params>
          <exception class="org.openqa.selenium.SessionNotCreatedException">
            <message>
              <![CDATA[Could not start a new session. Possible causes are invalid address of the remote server or browser start-up failure. 
Host info: host: 'e9f15272056e', ip: '172.18.0.5'
Build info: version: '4.33.0', revision: '2c6aaad03a'
System info: os.name: 'Linux', os.arch: 'amd64', os.version: '6.6.87.2-microsoft-standard-WSL2', java.version: '17.0.18'
Driver info: org.openqa.selenium.remote.RemoteWebDriver
Command: [null, newSession {capabilities=[Capabilities {browserName: chrome, goog:chromeOptions: {args: [--no-sandbox, --disable-dev-shm-usage, --disable-gpu], extensions: []}}]}]
Capabilities {browserName: chrome, goog:chromeOptions: {args: [--no-sandbox, --disable-dev-shm-usage, --disable-gpu], extensions: []}}]]>
            </message>
            <full-stacktrace>
              <![CDATA[org.openqa.selenium.SessionNotCreatedException: Could not start a new session. Possible causes are invalid address of the remote server or browser start-up failure. 
Host info: host: 'e9f15272056e', ip: '172.18.0.5'
Build info: version: '4.33.0', revision: '2c6aaad03a'
System info: os.name: 'Linux', os.arch: 'amd64', os.version: '6.6.87.2-microsoft-standard-WSL2', java.version: '17.0.18'
Driver info: org.openqa.selenium.remote.RemoteWebDriver
Command: [null, newSession {capabilities=[Capabilities {browserName: chrome, goog:chromeOptions: {args: [--no-sandbox, --disable-dev-shm-usage, --disable-gpu], extensions: []}}]}]
Capabilities {browserName: chrome, goog:chromeOptions: {args: [--no-sandbox, --disable-dev-shm-usage, --disable-gpu], extensions: []}}
at org.openqa.selenium.remote.RemoteWebDriver.execute(RemoteWebDriver.java:562)
at org.openqa.selenium.remote.RemoteWebDriver.startSession(RemoteWebDriver.java:244)
at org.openqa.selenium.remote.RemoteWebDriver.<init>(RemoteWebDriver.java:173)
at org.openqa.selenium.remote.RemoteWebDriver.<init>(RemoteWebDriver.java:151)
at com.debs.utils.DriverFactory.createRemoteDriver(DriverFactory.java:102)
at com.debs.utils.DriverFactory.createDriver(DriverFactory.java:45)
at com.debs.utils.DriverFactory.getDriver(DriverFactory.java:27)
at com.debs.utils.BasePage.<init>(BasePage.java:23)
at com.debs.pages.vendorapp.LoginPage.<init>(LoginPage.java:22)
at com.debs.tests.vendorapp.VendorAppTest.vendorData(VendorAppTest.java:30)
at java.base/jdk.internal.reflect.NativeMethodAccessorImpl.invoke0(Native Method)
at java.base/jdk.internal.reflect.NativeMethodAccessorImpl.invoke(Unknown Source)
at java.base/jdk.internal.reflect.DelegatingMethodAccessorImpl.invoke(Unknown Source)
at java.base/java.lang.reflect.Method.invoke(Unknown Source)
at org.testng.internal.invokers.MethodInvocationHelper.invokeMethod(MethodInvocationHelper.java:139)
at org.testng.internal.invokers.TestInvoker.invokeMethod(TestInvoker.java:664)
at org.testng.internal.invokers.TestInvoker.invokeTestMethod(TestInvoker.java:228)
at org.testng.internal.invokers.TestMethodWithDataProviderMethodWorker.call(TestMethodWithDataProviderMethodWorker.java:80)
at java.base/java.util.concurrent.CompletableFuture$AsyncSupply.run(Unknown Source)
at java.base/java.util.concurrent.ThreadPoolExecutor.runWorker(Unknown Source)
at java.base/java.util.concurrent.ThreadPoolExecutor$Worker.run(Unknown Source)
at java.base/java.lang.Thread.run(Unknown Source)
Caused by: java.io.UncheckedIOException: java.net.ConnectException
at org.openqa.selenium.remote.http.jdk.JdkHttpClient.execute0(JdkHttpClient.java:500)
at org.openqa.selenium.remote.http.AddSeleniumUserAgent.lambda$apply$0(AddSeleniumUserAgent.java:42)
at org.openqa.selenium.remote.http.Filter.lambda$andFinally$1(Filter.java:55)
at org.openqa.selenium.remote.http.jdk.JdkHttpClient.lambda$executeAsync$2(JdkHttpClient.java:387)
at java.base/java.util.concurrent.Executors$RunnableAdapter.call(Unknown Source)
at java.base/java.util.concurrent.FutureTask.run(Unknown Source)
... 3 more
Caused by: java.net.ConnectException
at java.net.http/jdk.internal.net.http.HttpClientImpl.send(Unknown Source)
at java.net.http/jdk.internal.net.http.HttpClientFacade.send(Unknown Source)
at org.openqa.selenium.remote.http.jdk.JdkHttpClient.execute0(JdkHttpClient.java:459)
... 8 more
Caused by: java.net.ConnectException
at java.net.http/jdk.internal.net.http.common.Utils.toConnectException(Unknown Source)
at java.net.http/jdk.internal.net.http.PlainHttpConnection.connectAsync(Unknown Source)
at java.net.http/jdk.internal.net.http.PlainHttpConnection.checkRetryConnect(Unknown Source)
at java.net.http/jdk.internal.net.http.PlainHttpConnection.lambda$connectAsync$1(Unknown Source)
at java.base/java.util.concurrent.CompletableFuture.uniHandle(Unknown Source)
at java.base/java.util.concurrent.CompletableFuture$UniHandle.tryFire(Unknown Source)
at java.base/java.util.concurrent.CompletableFuture.postComplete(Unknown Source)
at java.base/java.util.concurrent.CompletableFuture$AsyncSupply.run(Unknown Source)
... 3 more
Caused by: java.nio.channels.ClosedChannelException
at java.base/sun.nio.ch.SocketChannelImpl.ensureOpen(Unknown Source)
at java.base/sun.nio.ch.SocketChannelImpl.beginConnect(Unknown Source)
at java.base/sun.nio.ch.SocketChannelImpl.connect(Unknown Source)
at java.net.http/jdk.internal.net.http.PlainHttpConnection.lambda$connectAsync$0(Unknown Source)
at java.base/java.security.AccessController.doPrivileged(Unknown Source)
... 10 more
]]>
            </full-stacktrace>
          </exception> <!-- org.openqa.selenium.SessionNotCreatedException -->
          <reporter-output>
          </reporter-output>
        </test-method> <!-- vendorData -->
        <test-method retried="true" signature="vendorData(com.debs.records.vendorapp.VendorPortalTestData)[pri:0, instance:com.debs.tests.vendorapp.VendorAppTest@2ea6e30c]" started-at="2026-03-09T17:48:13 GMT" name="vendorData" data-provider="jsonData" finished-at="2026-03-09T17:48:15 GMT" duration-ms="2740" status="SKIP">
          <params>
            <param index="0">
              <value>
                <![CDATA[VendorPortalTestData[username=mike, password=mike, monthlyEarning=$55,000, annualEarning=$563,300, profitMargin=80%, availableInventory=45, searchKeyword=miami, searchResultsCount=99]]]>
              </value>
            </param>
          </params>
          <exception class="org.openqa.selenium.SessionNotCreatedException">
            <message>
              <![CDATA[Could not start a new session. Possible causes are invalid address of the remote server or browser start-up failure. 
Host info: host: 'e9f15272056e', ip: '172.18.0.5'
Build info: version: '4.33.0', revision: '2c6aaad03a'
System info: os.name: 'Linux', os.arch: 'amd64', os.version: '6.6.87.2-microsoft-standard-WSL2', java.version: '17.0.18'
Driver info: org.openqa.selenium.remote.RemoteWebDriver
Command: [null, newSession {capabilities=[Capabilities {browserName: chrome, goog:chromeOptions: {args: [--no-sandbox, --disable-dev-shm-usage, --disable-gpu], extensions: []}}]}]
Capabilities {browserName: chrome, goog:chromeOptions: {args: [--no-sandbox, --disable-dev-shm-usage, --disable-gpu], extensions: []}}]]>
            </message>
            <full-stacktrace>
              <![CDATA[org.openqa.selenium.SessionNotCreatedException: Could not start a new session. Possible causes are invalid address of the remote server or browser start-up failure. 
Host info: host: 'e9f15272056e', ip: '172.18.0.5'
Build info: version: '4.33.0', revision: '2c6aaad03a'
System info: os.name: 'Linux', os.arch: 'amd64', os.version: '6.6.87.2-microsoft-standard-WSL2', java.version: '17.0.18'
Driver info: org.openqa.selenium.remote.RemoteWebDriver
Command: [null, newSession {capabilities=[Capabilities {browserName: chrome, goog:chromeOptions: {args: [--no-sandbox, --disable-dev-shm-usage, --disable-gpu], extensions: []}}]}]
Capabilities {browserName: chrome, goog:chromeOptions: {args: [--no-sandbox, --disable-dev-shm-usage, --disable-gpu], extensions: []}}
at org.openqa.selenium.remote.RemoteWebDriver.execute(RemoteWebDriver.java:562)
at org.openqa.selenium.remote.RemoteWebDriver.startSession(RemoteWebDriver.java:244)
at org.openqa.selenium.remote.RemoteWebDriver.<init>(RemoteWebDriver.java:173)
at org.openqa.selenium.remote.RemoteWebDriver.<init>(RemoteWebDriver.java:151)
at com.debs.utils.DriverFactory.createRemoteDriver(DriverFactory.java:102)
at com.debs.utils.DriverFactory.createDriver(DriverFactory.java:45)
at com.debs.utils.DriverFactory.getDriver(DriverFactory.java:27)
at com.debs.utils.BasePage.<init>(BasePage.java:23)
at com.debs.pages.vendorapp.LoginPage.<init>(LoginPage.java:22)
at com.debs.tests.vendorapp.VendorAppTest.vendorData(VendorAppTest.java:30)
at java.base/jdk.internal.reflect.NativeMethodAccessorImpl.invoke0(Native Method)
at java.base/jdk.internal.reflect.NativeMethodAccessorImpl.invoke(Unknown Source)
at java.base/jdk.internal.reflect.DelegatingMethodAccessorImpl.invoke(Unknown Source)
at java.base/java.lang.reflect.Method.invoke(Unknown Source)
at org.testng.internal.invokers.MethodInvocationHelper.invokeMethod(MethodInvocationHelper.java:139)
at org.testng.internal.invokers.TestInvoker.invokeMethod(TestInvoker.java:664)
at org.testng.internal.invokers.TestInvoker.invokeTestMethod(TestInvoker.java:228)
at org.testng.internal.invokers.TestMethodWithDataProviderMethodWorker.call(TestMethodWithDataProviderMethodWorker.java:80)
at java.base/java.util.concurrent.CompletableFuture$AsyncSupply.run(Unknown Source)
at java.base/java.util.concurrent.ThreadPoolExecutor.runWorker(Unknown Source)
at java.base/java.util.concurrent.ThreadPoolExecutor$Worker.run(Unknown Source)
at java.base/java.lang.Thread.run(Unknown Source)
Caused by: java.io.UncheckedIOException: java.net.ConnectException
at org.openqa.selenium.remote.http.jdk.JdkHttpClient.execute0(JdkHttpClient.java:500)
at org.openqa.selenium.remote.http.AddSeleniumUserAgent.lambda$apply$0(AddSeleniumUserAgent.java:42)
at org.openqa.selenium.remote.http.Filter.lambda$andFinally$1(Filter.java:55)
at org.openqa.selenium.remote.http.jdk.JdkHttpClient.lambda$executeAsync$2(JdkHttpClient.java:387)
at java.base/java.util.concurrent.Executors$RunnableAdapter.call(Unknown Source)
at java.base/java.util.concurrent.FutureTask.run(Unknown Source)
... 3 more
Caused by: java.net.ConnectException
at java.net.http/jdk.internal.net.http.HttpClientImpl.send(Unknown Source)
at java.net.http/jdk.internal.net.http.HttpClientFacade.send(Unknown Source)
at org.openqa.selenium.remote.http.jdk.JdkHttpClient.execute0(JdkHttpClient.java:459)
... 8 more
Caused by: java.net.ConnectException
at java.net.http/jdk.internal.net.http.common.Utils.toConnectException(Unknown Source)
at java.net.http/jdk.internal.net.http.PlainHttpConnection.connectAsync(Unknown Source)
at java.net.http/jdk.internal.net.http.PlainHttpConnection.checkRetryConnect(Unknown Source)
at java.net.http/jdk.internal.net.http.PlainHttpConnection.lambda$connectAsync$1(Unknown Source)
at java.base/java.util.concurrent.CompletableFuture.uniHandle(Unknown Source)
at java.base/java.util.concurrent.CompletableFuture$UniHandle.tryFire(Unknown Source)
at java.base/java.util.concurrent.CompletableFuture.postComplete(Unknown Source)
at java.base/java.util.concurrent.CompletableFuture$AsyncSupply.run(Unknown Source)
... 3 more
Caused by: java.nio.channels.ClosedChannelException
at java.base/sun.nio.ch.SocketChannelImpl.ensureOpen(Unknown Source)
at java.base/sun.nio.ch.SocketChannelImpl.beginConnect(Unknown Source)
at java.base/sun.nio.ch.SocketChannelImpl.connect(Unknown Source)
at java.net.http/jdk.internal.net.http.PlainHttpConnection.lambda$connectAsync$0(Unknown Source)
at java.base/java.security.AccessController.doPrivileged(Unknown Source)
... 10 more
]]>
            </full-stacktrace>
          </exception> <!-- org.openqa.selenium.SessionNotCreatedException -->
          <reporter-output>
          </reporter-output>
        </test-method> <!-- vendorData -->
        <test-method retried="true" signature="vendorData(com.debs.records.vendorapp.VendorPortalTestData)[pri:0, instance:com.debs.tests.vendorapp.VendorAppTest@2ea6e30c]" started-at="2026-03-09T17:48:13 GMT" name="vendorData" data-provider="jsonData" finished-at="2026-03-09T17:48:15 GMT" duration-ms="2743" status="SKIP">
          <params>
            <param index="0">
              <value>
                <![CDATA[VendorPortalTestData[username=sam, password=sam, monthlyEarning=$40,000, annualEarning=$215,000, profitMargin=50%, availableInventory=18, searchKeyword=adams, searchResultsCount=8]]]>
              </value>
            </param>
          </params>
          <exception class="org.openqa.selenium.SessionNotCreatedException">
            <message>
              <![CDATA[Could not start a new session. Possible causes are invalid address of the remote server or browser start-up failure. 
Host info: host: 'e9f15272056e', ip: '172.18.0.5'
Build info: version: '4.33.0', revision: '2c6aaad03a'
System info: os.name: 'Linux', os.arch: 'amd64', os.version: '6.6.87.2-microsoft-standard-WSL2', java.version: '17.0.18'
Driver info: org.openqa.selenium.remote.RemoteWebDriver
Command: [null, newSession {capabilities=[Capabilities {browserName: chrome, goog:chromeOptions: {args: [--no-sandbox, --disable-dev-shm-usage, --disable-gpu], extensions: []}}]}]
Capabilities {browserName: chrome, goog:chromeOptions: {args: [--no-sandbox, --disable-dev-shm-usage, --disable-gpu], extensions: []}}]]>
            </message>
            <full-stacktrace>
              <![CDATA[org.openqa.selenium.SessionNotCreatedException: Could not start a new session. Possible causes are invalid address of the remote server or browser start-up failure. 
Host info: host: 'e9f15272056e', ip: '172.18.0.5'
Build info: version: '4.33.0', revision: '2c6aaad03a'
System info: os.name: 'Linux', os.arch: 'amd64', os.version: '6.6.87.2-microsoft-standard-WSL2', java.version: '17.0.18'
Driver info: org.openqa.selenium.remote.RemoteWebDriver
Command: [null, newSession {capabilities=[Capabilities {browserName: chrome, goog:chromeOptions: {args: [--no-sandbox, --disable-dev-shm-usage, --disable-gpu], extensions: []}}]}]
Capabilities {browserName: chrome, goog:chromeOptions: {args: [--no-sandbox, --disable-dev-shm-usage, --disable-gpu], extensions: []}}
at org.openqa.selenium.remote.RemoteWebDriver.execute(RemoteWebDriver.java:562)
at org.openqa.selenium.remote.RemoteWebDriver.startSession(RemoteWebDriver.java:244)
at org.openqa.selenium.remote.RemoteWebDriver.<init>(RemoteWebDriver.java:173)
at org.openqa.selenium.remote.RemoteWebDriver.<init>(RemoteWebDriver.java:151)
at com.debs.utils.DriverFactory.createRemoteDriver(DriverFactory.java:102)
at com.debs.utils.DriverFactory.createDriver(DriverFactory.java:45)
at com.debs.utils.DriverFactory.getDriver(DriverFactory.java:27)
at com.debs.utils.BasePage.<init>(BasePage.java:23)
at com.debs.pages.vendorapp.LoginPage.<init>(LoginPage.java:22)
at com.debs.tests.vendorapp.VendorAppTest.vendorData(VendorAppTest.java:30)
at java.base/jdk.internal.reflect.NativeMethodAccessorImpl.invoke0(Native Method)
at java.base/jdk.internal.reflect.NativeMethodAccessorImpl.invoke(Unknown Source)
at java.base/jdk.internal.reflect.DelegatingMethodAccessorImpl.invoke(Unknown Source)
at java.base/java.lang.reflect.Method.invoke(Unknown Source)
at org.testng.internal.invokers.MethodInvocationHelper.invokeMethod(MethodInvocationHelper.java:139)
at org.testng.internal.invokers.TestInvoker.invokeMethod(TestInvoker.java:664)
at org.testng.internal.invokers.TestInvoker.invokeTestMethod(TestInvoker.java:228)
at org.testng.internal.invokers.TestMethodWithDataProviderMethodWorker.call(TestMethodWithDataProviderMethodWorker.java:80)
at java.base/java.util.concurrent.CompletableFuture$AsyncSupply.run(Unknown Source)
at java.base/java.util.concurrent.ThreadPoolExecutor.runWorker(Unknown Source)
at java.base/java.util.concurrent.ThreadPoolExecutor$Worker.run(Unknown Source)
at java.base/java.lang.Thread.run(Unknown Source)
Caused by: java.io.UncheckedIOException: java.net.ConnectException
at org.openqa.selenium.remote.http.jdk.JdkHttpClient.execute0(JdkHttpClient.java:500)
at org.openqa.selenium.remote.http.AddSeleniumUserAgent.lambda$apply$0(AddSeleniumUserAgent.java:42)
at org.openqa.selenium.remote.http.Filter.lambda$andFinally$1(Filter.java:55)
at org.openqa.selenium.remote.http.jdk.JdkHttpClient.lambda$executeAsync$2(JdkHttpClient.java:387)
at java.base/java.util.concurrent.Executors$RunnableAdapter.call(Unknown Source)
at java.base/java.util.concurrent.FutureTask.run(Unknown Source)
... 3 more
Caused by: java.net.ConnectException
at java.net.http/jdk.internal.net.http.HttpClientImpl.send(Unknown Source)
at java.net.http/jdk.internal.net.http.HttpClientFacade.send(Unknown Source)
at org.openqa.selenium.remote.http.jdk.JdkHttpClient.execute0(JdkHttpClient.java:459)
... 8 more
Caused by: java.net.ConnectException
at java.net.http/jdk.internal.net.http.common.Utils.toConnectException(Unknown Source)
at java.net.http/jdk.internal.net.http.PlainHttpConnection.connectAsync(Unknown Source)
at java.net.http/jdk.internal.net.http.PlainHttpConnection.checkRetryConnect(Unknown Source)
at java.net.http/jdk.internal.net.http.PlainHttpConnection.lambda$connectAsync$1(Unknown Source)
at java.base/java.util.concurrent.CompletableFuture.uniHandle(Unknown Source)
at java.base/java.util.concurrent.CompletableFuture$UniHandle.tryFire(Unknown Source)
at java.base/java.util.concurrent.CompletableFuture.postComplete(Unknown Source)
at java.base/java.util.concurrent.CompletableFuture$AsyncSupply.run(Unknown Source)
... 3 more
Caused by: java.nio.channels.ClosedChannelException
at java.base/sun.nio.ch.SocketChannelImpl.ensureOpen(Unknown Source)
at java.base/sun.nio.ch.SocketChannelImpl.beginConnect(Unknown Source)
at java.base/sun.nio.ch.SocketChannelImpl.connect(Unknown Source)
at java.net.http/jdk.internal.net.http.PlainHttpConnection.lambda$connectAsync$0(Unknown Source)
at java.base/java.security.AccessController.doPrivileged(Unknown Source)
... 10 more
]]>
            </full-stacktrace>
          </exception> <!-- org.openqa.selenium.SessionNotCreatedException -->
          <reporter-output>
          </reporter-output>
        </test-method> <!-- vendorData -->
        <test-method is-config="true" signature="tearDown()[pri:0, instance:com.debs.tests.vendorapp.VendorAppTest@2ea6e30c]" started-at="2026-03-09T17:48:15 GMT" name="tearDown" finished-at="2026-03-09T17:48:16 GMT" duration-ms="199" status="FAIL">
          <exception class="org.openqa.selenium.SessionNotCreatedException">
            <message>
              <![CDATA[Could not start a new session. Possible causes are invalid address of the remote server or browser start-up failure. 
Host info: host: 'e9f15272056e', ip: '172.18.0.5'
Build info: version: '4.33.0', revision: '2c6aaad03a'
System info: os.name: 'Linux', os.arch: 'amd64', os.version: '6.6.87.2-microsoft-standard-WSL2', java.version: '17.0.18'
Driver info: org.openqa.selenium.remote.RemoteWebDriver
Command: [null, newSession {capabilities=[Capabilities {browserName: chrome, goog:chromeOptions: {args: [--no-sandbox, --disable-dev-shm-usage, --disable-gpu], extensions: []}}]}]
Capabilities {browserName: chrome, goog:chromeOptions: {args: [--no-sandbox, --disable-dev-shm-usage, --disable-gpu], extensions: []}}]]>
            </message>
            <full-stacktrace>
              <![CDATA[org.openqa.selenium.SessionNotCreatedException: Could not start a new session. Possible causes are invalid address of the remote server or browser start-up failure. 
Host info: host: 'e9f15272056e', ip: '172.18.0.5'
Build info: version: '4.33.0', revision: '2c6aaad03a'
System info: os.name: 'Linux', os.arch: 'amd64', os.version: '6.6.87.2-microsoft-standard-WSL2', java.version: '17.0.18'
Driver info: org.openqa.selenium.remote.RemoteWebDriver
Command: [null, newSession {capabilities=[Capabilities {browserName: chrome, goog:chromeOptions: {args: [--no-sandbox, --disable-dev-shm-usage, --disable-gpu], extensions: []}}]}]
Capabilities {browserName: chrome, goog:chromeOptions: {args: [--no-sandbox, --disable-dev-shm-usage, --disable-gpu], extensions: []}}
at org.openqa.selenium.remote.RemoteWebDriver.execute(RemoteWebDriver.java:562)
at org.openqa.selenium.remote.RemoteWebDriver.startSession(RemoteWebDriver.java:244)
at org.openqa.selenium.remote.RemoteWebDriver.<init>(RemoteWebDriver.java:173)
at org.openqa.selenium.remote.RemoteWebDriver.<init>(RemoteWebDriver.java:151)
at com.debs.utils.DriverFactory.createRemoteDriver(DriverFactory.java:102)
at com.debs.utils.DriverFactory.createDriver(DriverFactory.java:45)
at com.debs.utils.DriverFactory.getDriver(DriverFactory.java:27)
at com.debs.tests.vendorapp.BaseTest.tearDown(BaseTest.java:20)
at java.base/jdk.internal.reflect.NativeMethodAccessorImpl.invoke0(Native Method)
at java.base/jdk.internal.reflect.NativeMethodAccessorImpl.invoke(Unknown Source)
at java.base/jdk.internal.reflect.DelegatingMethodAccessorImpl.invoke(Unknown Source)
at java.base/java.lang.reflect.Method.invoke(Unknown Source)
at org.testng.internal.invokers.MethodInvocationHelper.invokeMethod(MethodInvocationHelper.java:139)
at org.testng.internal.invokers.MethodInvocationHelper.invokeMethodConsideringTimeout(MethodInvocationHelper.java:69)
at org.testng.internal.invokers.ConfigInvoker.invokeConfigurationMethod(ConfigInvoker.java:393)
at org.testng.internal.invokers.ConfigInvoker.invokeConfigurations(ConfigInvoker.java:326)
at org.testng.internal.invokers.TestInvoker.runConfigMethods(TestInvoker.java:810)
at org.testng.internal.invokers.TestInvoker.runAfterConfigurations(TestInvoker.java:779)
at org.testng.internal.invokers.TestInvoker.invokeMethod(TestInvoker.java:755)
at org.testng.internal.invokers.TestInvoker.invokeTestMethod(TestInvoker.java:228)
at org.testng.internal.invokers.TestMethodWithDataProviderMethodWorker.call(TestMethodWithDataProviderMethodWorker.java:80)
at java.base/java.util.concurrent.CompletableFuture$AsyncSupply.run(Unknown Source)
at java.base/java.util.concurrent.ThreadPoolExecutor.runWorker(Unknown Source)
at java.base/java.util.concurrent.ThreadPoolExecutor$Worker.run(Unknown Source)
at java.base/java.lang.Thread.run(Unknown Source)
Caused by: java.io.UncheckedIOException: java.net.ConnectException
at org.openqa.selenium.remote.http.jdk.JdkHttpClient.execute0(JdkHttpClient.java:500)
at org.openqa.selenium.remote.http.AddSeleniumUserAgent.lambda$apply$0(AddSeleniumUserAgent.java:42)
at org.openqa.selenium.remote.http.Filter.lambda$andFinally$1(Filter.java:55)
at org.openqa.selenium.remote.http.jdk.JdkHttpClient.lambda$executeAsync$2(JdkHttpClient.java:387)
at java.base/java.util.concurrent.Executors$RunnableAdapter.call(Unknown Source)
at java.base/java.util.concurrent.FutureTask.run(Unknown Source)
... 3 more
Caused by: java.net.ConnectException
at java.net.http/jdk.internal.net.http.HttpClientImpl.send(Unknown Source)
at java.net.http/jdk.internal.net.http.HttpClientFacade.send(Unknown Source)
at org.openqa.selenium.remote.http.jdk.JdkHttpClient.execute0(JdkHttpClient.java:459)
... 8 more
Caused by: java.net.ConnectException
at java.net.http/jdk.internal.net.http.common.Utils.toConnectException(Unknown Source)
at java.net.http/jdk.internal.net.http.PlainHttpConnection.connectAsync(Unknown Source)
at java.net.http/jdk.internal.net.http.PlainHttpConnection.checkRetryConnect(Unknown Source)
at java.net.http/jdk.internal.net.http.PlainHttpConnection.lambda$connectAsync$1(Unknown Source)
at java.base/java.util.concurrent.CompletableFuture.uniHandle(Unknown Source)
at java.base/java.util.concurrent.CompletableFuture$UniHandle.tryFire(Unknown Source)
at java.base/java.util.concurrent.CompletableFuture.postComplete(Unknown Source)
at java.base/java.util.concurrent.CompletableFuture$AsyncSupply.run(Unknown Source)
... 3 more
Caused by: java.nio.channels.ClosedChannelException
at java.base/sun.nio.ch.SocketChannelImpl.ensureOpen(Unknown Source)
at java.base/sun.nio.ch.SocketChannelImpl.beginConnect(Unknown Source)
at java.base/sun.nio.ch.SocketChannelImpl.connect(Unknown Source)
at java.net.http/jdk.internal.net.http.PlainHttpConnection.lambda$connectAsync$0(Unknown Source)
at java.base/java.security.AccessController.doPrivileged(Unknown Source)
... 10 more
]]>
            </full-stacktrace>
          </exception> <!-- org.openqa.selenium.SessionNotCreatedException -->
          <reporter-output>
          </reporter-output>
        </test-method> <!-- tearDown -->
        <test-method is-config="true" signature="tearDown()[pri:0, instance:com.debs.tests.vendorapp.VendorAppTest@2ea6e30c]" started-at="2026-03-09T17:48:15 GMT" name="tearDown" finished-at="2026-03-09T17:48:16 GMT" duration-ms="240" status="FAIL">
          <exception class="org.openqa.selenium.SessionNotCreatedException">
            <message>
              <![CDATA[Could not start a new session. Possible causes are invalid address of the remote server or browser start-up failure. 
Host info: host: 'e9f15272056e', ip: '172.18.0.5'
Build info: version: '4.33.0', revision: '2c6aaad03a'
System info: os.name: 'Linux', os.arch: 'amd64', os.version: '6.6.87.2-microsoft-standard-WSL2', java.version: '17.0.18'
Driver info: org.openqa.selenium.remote.RemoteWebDriver
Command: [null, newSession {capabilities=[Capabilities {browserName: chrome, goog:chromeOptions: {args: [--no-sandbox, --disable-dev-shm-usage, --disable-gpu], extensions: []}}]}]
Capabilities {browserName: chrome, goog:chromeOptions: {args: [--no-sandbox, --disable-dev-shm-usage, --disable-gpu], extensions: []}}]]>
            </message>
            <full-stacktrace>
              <![CDATA[org.openqa.selenium.SessionNotCreatedException: Could not start a new session. Possible causes are invalid address of the remote server or browser start-up failure. 
Host info: host: 'e9f15272056e', ip: '172.18.0.5'
Build info: version: '4.33.0', revision: '2c6aaad03a'
System info: os.name: 'Linux', os.arch: 'amd64', os.version: '6.6.87.2-microsoft-standard-WSL2', java.version: '17.0.18'
Driver info: org.openqa.selenium.remote.RemoteWebDriver
Command: [null, newSession {capabilities=[Capabilities {browserName: chrome, goog:chromeOptions: {args: [--no-sandbox, --disable-dev-shm-usage, --disable-gpu], extensions: []}}]}]
Capabilities {browserName: chrome, goog:chromeOptions: {args: [--no-sandbox, --disable-dev-shm-usage, --disable-gpu], extensions: []}}
at org.openqa.selenium.remote.RemoteWebDriver.execute(RemoteWebDriver.java:562)
at org.openqa.selenium.remote.RemoteWebDriver.startSession(RemoteWebDriver.java:244)
at org.openqa.selenium.remote.RemoteWebDriver.<init>(RemoteWebDriver.java:173)
at org.openqa.selenium.remote.RemoteWebDriver.<init>(RemoteWebDriver.java:151)
at com.debs.utils.DriverFactory.createRemoteDriver(DriverFactory.java:102)
at com.debs.utils.DriverFactory.createDriver(DriverFactory.java:45)
at com.debs.utils.DriverFactory.getDriver(DriverFactory.java:27)
at com.debs.tests.vendorapp.BaseTest.tearDown(BaseTest.java:20)
at java.base/jdk.internal.reflect.NativeMethodAccessorImpl.invoke0(Native Method)
at java.base/jdk.internal.reflect.NativeMethodAccessorImpl.invoke(Unknown Source)
at java.base/jdk.internal.reflect.DelegatingMethodAccessorImpl.invoke(Unknown Source)
at java.base/java.lang.reflect.Method.invoke(Unknown Source)
at org.testng.internal.invokers.MethodInvocationHelper.invokeMethod(MethodInvocationHelper.java:139)
at org.testng.internal.invokers.MethodInvocationHelper.invokeMethodConsideringTimeout(MethodInvocationHelper.java:69)
at org.testng.internal.invokers.ConfigInvoker.invokeConfigurationMethod(ConfigInvoker.java:393)
at org.testng.internal.invokers.ConfigInvoker.invokeConfigurations(ConfigInvoker.java:326)
at org.testng.internal.invokers.TestInvoker.runConfigMethods(TestInvoker.java:810)
at org.testng.internal.invokers.TestInvoker.runAfterConfigurations(TestInvoker.java:779)
at org.testng.internal.invokers.TestInvoker.invokeMethod(TestInvoker.java:755)
at org.testng.internal.invokers.TestInvoker.invokeTestMethod(TestInvoker.java:228)
at org.testng.internal.invokers.TestMethodWithDataProviderMethodWorker.call(TestMethodWithDataProviderMethodWorker.java:80)
at java.base/java.util.concurrent.CompletableFuture$AsyncSupply.run(Unknown Source)
at java.base/java.util.concurrent.ThreadPoolExecutor.runWorker(Unknown Source)
at java.base/java.util.concurrent.ThreadPoolExecutor$Worker.run(Unknown Source)
at java.base/java.lang.Thread.run(Unknown Source)
Caused by: java.io.UncheckedIOException: java.net.ConnectException
at org.openqa.selenium.remote.http.jdk.JdkHttpClient.execute0(JdkHttpClient.java:500)
at org.openqa.selenium.remote.http.AddSeleniumUserAgent.lambda$apply$0(AddSeleniumUserAgent.java:42)
at org.openqa.selenium.remote.http.Filter.lambda$andFinally$1(Filter.java:55)
at org.openqa.selenium.remote.http.jdk.JdkHttpClient.lambda$executeAsync$2(JdkHttpClient.java:387)
at java.base/java.util.concurrent.Executors$RunnableAdapter.call(Unknown Source)
at java.base/java.util.concurrent.FutureTask.run(Unknown Source)
... 3 more
Caused by: java.net.ConnectException
at java.net.http/jdk.internal.net.http.HttpClientImpl.send(Unknown Source)
at java.net.http/jdk.internal.net.http.HttpClientFacade.send(Unknown Source)
at org.openqa.selenium.remote.http.jdk.JdkHttpClient.execute0(JdkHttpClient.java:459)
... 8 more
Caused by: java.net.ConnectException
at java.net.http/jdk.internal.net.http.common.Utils.toConnectException(Unknown Source)
at java.net.http/jdk.internal.net.http.PlainHttpConnection.connectAsync(Unknown Source)
at java.net.http/jdk.internal.net.http.PlainHttpConnection.checkRetryConnect(Unknown Source)
at java.net.http/jdk.internal.net.http.PlainHttpConnection.lambda$connectAsync$1(Unknown Source)
at java.base/java.util.concurrent.CompletableFuture.uniHandle(Unknown Source)
at java.base/java.util.concurrent.CompletableFuture$UniHandle.tryFire(Unknown Source)
at java.base/java.util.concurrent.CompletableFuture.postComplete(Unknown Source)
at java.base/java.util.concurrent.CompletableFuture$AsyncSupply.run(Unknown Source)
... 3 more
Caused by: java.nio.channels.ClosedChannelException
at java.base/sun.nio.ch.SocketChannelImpl.ensureOpen(Unknown Source)
at java.base/sun.nio.ch.SocketChannelImpl.beginConnect(Unknown Source)
at java.base/sun.nio.ch.SocketChannelImpl.connect(Unknown Source)
at java.net.http/jdk.internal.net.http.PlainHttpConnection.lambda$connectAsync$0(Unknown Source)
at java.base/java.security.AccessController.doPrivileged(Unknown Source)
... 10 more
]]>
            </full-stacktrace>
          </exception> <!-- org.openqa.selenium.SessionNotCreatedException -->
          <reporter-output>
          </reporter-output>
        </test-method> <!-- tearDown -->
        <test-method is-config="true" signature="tearDown()[pri:0, instance:com.debs.tests.vendorapp.VendorAppTest@2ea6e30c]" started-at="2026-03-09T17:48:15 GMT" name="tearDown" finished-at="2026-03-09T17:48:16 GMT" duration-ms="190" status="FAIL">
          <exception class="org.openqa.selenium.SessionNotCreatedException">
            <message>
              <![CDATA[Could not start a new session. Possible causes are invalid address of the remote server or browser start-up failure. 
Host info: host: 'e9f15272056e', ip: '172.18.0.5'
Build info: version: '4.33.0', revision: '2c6aaad03a'
System info: os.name: 'Linux', os.arch: 'amd64', os.version: '6.6.87.2-microsoft-standard-WSL2', java.version: '17.0.18'
Driver info: org.openqa.selenium.remote.RemoteWebDriver
Command: [null, newSession {capabilities=[Capabilities {browserName: chrome, goog:chromeOptions: {args: [--no-sandbox, --disable-dev-shm-usage, --disable-gpu], extensions: []}}]}]
Capabilities {browserName: chrome, goog:chromeOptions: {args: [--no-sandbox, --disable-dev-shm-usage, --disable-gpu], extensions: []}}]]>
            </message>
            <full-stacktrace>
              <![CDATA[org.openqa.selenium.SessionNotCreatedException: Could not start a new session. Possible causes are invalid address of the remote server or browser start-up failure. 
Host info: host: 'e9f15272056e', ip: '172.18.0.5'
Build info: version: '4.33.0', revision: '2c6aaad03a'
System info: os.name: 'Linux', os.arch: 'amd64', os.version: '6.6.87.2-microsoft-standard-WSL2', java.version: '17.0.18'
Driver info: org.openqa.selenium.remote.RemoteWebDriver
Command: [null, newSession {capabilities=[Capabilities {browserName: chrome, goog:chromeOptions: {args: [--no-sandbox, --disable-dev-shm-usage, --disable-gpu], extensions: []}}]}]
Capabilities {browserName: chrome, goog:chromeOptions: {args: [--no-sandbox, --disable-dev-shm-usage, --disable-gpu], extensions: []}}
at org.openqa.selenium.remote.RemoteWebDriver.execute(RemoteWebDriver.java:562)
at org.openqa.selenium.remote.RemoteWebDriver.startSession(RemoteWebDriver.java:244)
at org.openqa.selenium.remote.RemoteWebDriver.<init>(RemoteWebDriver.java:173)
at org.openqa.selenium.remote.RemoteWebDriver.<init>(RemoteWebDriver.java:151)
at com.debs.utils.DriverFactory.createRemoteDriver(DriverFactory.java:102)
at com.debs.utils.DriverFactory.createDriver(DriverFactory.java:45)
at com.debs.utils.DriverFactory.getDriver(DriverFactory.java:27)
at com.debs.tests.vendorapp.BaseTest.tearDown(BaseTest.java:20)
at java.base/jdk.internal.reflect.NativeMethodAccessorImpl.invoke0(Native Method)
at java.base/jdk.internal.reflect.NativeMethodAccessorImpl.invoke(Unknown Source)
at java.base/jdk.internal.reflect.DelegatingMethodAccessorImpl.invoke(Unknown Source)
at java.base/java.lang.reflect.Method.invoke(Unknown Source)
at org.testng.internal.invokers.MethodInvocationHelper.invokeMethod(MethodInvocationHelper.java:139)
at org.testng.internal.invokers.MethodInvocationHelper.invokeMethodConsideringTimeout(MethodInvocationHelper.java:69)
at org.testng.internal.invokers.ConfigInvoker.invokeConfigurationMethod(ConfigInvoker.java:393)
at org.testng.internal.invokers.ConfigInvoker.invokeConfigurations(ConfigInvoker.java:326)
at org.testng.internal.invokers.TestInvoker.runConfigMethods(TestInvoker.java:810)
at org.testng.internal.invokers.TestInvoker.runAfterConfigurations(TestInvoker.java:779)
at org.testng.internal.invokers.TestInvoker.invokeMethod(TestInvoker.java:755)
at org.testng.internal.invokers.TestInvoker.invokeTestMethod(TestInvoker.java:228)
at org.testng.internal.invokers.TestMethodWithDataProviderMethodWorker.call(TestMethodWithDataProviderMethodWorker.java:80)
at java.base/java.util.concurrent.CompletableFuture$AsyncSupply.run(Unknown Source)
at java.base/java.util.concurrent.ThreadPoolExecutor.runWorker(Unknown Source)
at java.base/java.util.concurrent.ThreadPoolExecutor$Worker.run(Unknown Source)
at java.base/java.lang.Thread.run(Unknown Source)
Caused by: java.io.UncheckedIOException: java.net.ConnectException
at org.openqa.selenium.remote.http.jdk.JdkHttpClient.execute0(JdkHttpClient.java:500)
at org.openqa.selenium.remote.http.AddSeleniumUserAgent.lambda$apply$0(AddSeleniumUserAgent.java:42)
at org.openqa.selenium.remote.http.Filter.lambda$andFinally$1(Filter.java:55)
at org.openqa.selenium.remote.http.jdk.JdkHttpClient.lambda$executeAsync$2(JdkHttpClient.java:387)
at java.base/java.util.concurrent.Executors$RunnableAdapter.call(Unknown Source)
at java.base/java.util.concurrent.FutureTask.run(Unknown Source)
... 3 more
Caused by: java.net.ConnectException
at java.net.http/jdk.internal.net.http.HttpClientImpl.send(Unknown Source)
at java.net.http/jdk.internal.net.http.HttpClientFacade.send(Unknown Source)
at org.openqa.selenium.remote.http.jdk.JdkHttpClient.execute0(JdkHttpClient.java:459)
... 8 more
Caused by: java.net.ConnectException
at java.net.http/jdk.internal.net.http.common.Utils.toConnectException(Unknown Source)
at java.net.http/jdk.internal.net.http.PlainHttpConnection.connectAsync(Unknown Source)
at java.net.http/jdk.internal.net.http.PlainHttpConnection.checkRetryConnect(Unknown Source)
at java.net.http/jdk.internal.net.http.PlainHttpConnection.lambda$connectAsync$1(Unknown Source)
at java.base/java.util.concurrent.CompletableFuture.uniHandle(Unknown Source)
at java.base/java.util.concurrent.CompletableFuture$UniHandle.tryFire(Unknown Source)
at java.base/java.util.concurrent.CompletableFuture.postComplete(Unknown Source)
at java.base/java.util.concurrent.CompletableFuture$AsyncSupply.run(Unknown Source)
... 3 more
Caused by: java.nio.channels.ClosedChannelException
at java.base/sun.nio.ch.SocketChannelImpl.ensureOpen(Unknown Source)
at java.base/sun.nio.ch.SocketChannelImpl.beginConnect(Unknown Source)
at java.base/sun.nio.ch.SocketChannelImpl.connect(Unknown Source)
at java.net.http/jdk.internal.net.http.PlainHttpConnection.lambda$connectAsync$0(Unknown Source)
at java.base/java.security.AccessController.doPrivileged(Unknown Source)
... 10 more
]]>
            </full-stacktrace>
          </exception> <!-- org.openqa.selenium.SessionNotCreatedException -->
          <reporter-output>
          </reporter-output>
        </test-method> <!-- tearDown -->
        <test-method retried="true" signature="vendorData(com.debs.records.vendorapp.VendorPortalTestData)[pri:0, instance:com.debs.tests.vendorapp.VendorAppTest@2ea6e30c]" started-at="2026-03-09T17:48:16 GMT" name="vendorData" data-provider="jsonData" finished-at="2026-03-09T17:48:16 GMT" duration-ms="238" status="SKIP">
          <params>
            <param index="0">
              <value>
                <![CDATA[VendorPortalTestData[username=sam, password=sam, monthlyEarning=$40,000, annualEarning=$215,000, profitMargin=50%, availableInventory=18, searchKeyword=adams, searchResultsCount=8]]]>
              </value>
            </param>
          </params>
          <exception class="org.openqa.selenium.SessionNotCreatedException">
            <message>
              <![CDATA[Could not start a new session. Possible causes are invalid address of the remote server or browser start-up failure. 
Host info: host: 'e9f15272056e', ip: '172.18.0.5'
Build info: version: '4.33.0', revision: '2c6aaad03a'
System info: os.name: 'Linux', os.arch: 'amd64', os.version: '6.6.87.2-microsoft-standard-WSL2', java.version: '17.0.18'
Driver info: org.openqa.selenium.remote.RemoteWebDriver
Command: [null, newSession {capabilities=[Capabilities {browserName: chrome, goog:chromeOptions: {args: [--no-sandbox, --disable-dev-shm-usage, --disable-gpu], extensions: []}}]}]
Capabilities {browserName: chrome, goog:chromeOptions: {args: [--no-sandbox, --disable-dev-shm-usage, --disable-gpu], extensions: []}}]]>
            </message>
            <full-stacktrace>
              <![CDATA[org.openqa.selenium.SessionNotCreatedException: Could not start a new session. Possible causes are invalid address of the remote server or browser start-up failure. 
Host info: host: 'e9f15272056e', ip: '172.18.0.5'
Build info: version: '4.33.0', revision: '2c6aaad03a'
System info: os.name: 'Linux', os.arch: 'amd64', os.version: '6.6.87.2-microsoft-standard-WSL2', java.version: '17.0.18'
Driver info: org.openqa.selenium.remote.RemoteWebDriver
Command: [null, newSession {capabilities=[Capabilities {browserName: chrome, goog:chromeOptions: {args: [--no-sandbox, --disable-dev-shm-usage, --disable-gpu], extensions: []}}]}]
Capabilities {browserName: chrome, goog:chromeOptions: {args: [--no-sandbox, --disable-dev-shm-usage, --disable-gpu], extensions: []}}
at org.openqa.selenium.remote.RemoteWebDriver.execute(RemoteWebDriver.java:562)
at org.openqa.selenium.remote.RemoteWebDriver.startSession(RemoteWebDriver.java:244)
at org.openqa.selenium.remote.RemoteWebDriver.<init>(RemoteWebDriver.java:173)
at org.openqa.selenium.remote.RemoteWebDriver.<init>(RemoteWebDriver.java:151)
at com.debs.utils.DriverFactory.createRemoteDriver(DriverFactory.java:102)
at com.debs.utils.DriverFactory.createDriver(DriverFactory.java:45)
at com.debs.utils.DriverFactory.getDriver(DriverFactory.java:27)
at com.debs.utils.BasePage.<init>(BasePage.java:23)
at com.debs.pages.vendorapp.LoginPage.<init>(LoginPage.java:22)
at com.debs.tests.vendorapp.VendorAppTest.vendorData(VendorAppTest.java:30)
at java.base/jdk.internal.reflect.NativeMethodAccessorImpl.invoke0(Native Method)
at java.base/jdk.internal.reflect.NativeMethodAccessorImpl.invoke(Unknown Source)
at java.base/jdk.internal.reflect.DelegatingMethodAccessorImpl.invoke(Unknown Source)
at java.base/java.lang.reflect.Method.invoke(Unknown Source)
at org.testng.internal.invokers.MethodInvocationHelper.invokeMethod(MethodInvocationHelper.java:139)
at org.testng.internal.invokers.TestInvoker.invokeMethod(TestInvoker.java:664)
at org.testng.internal.invokers.TestInvoker.retryFailed(TestInvoker.java:249)
at org.testng.internal.invokers.TestMethodWithDataProviderMethodWorker.call(TestMethodWithDataProviderMethodWorker.java:104)
at java.base/java.util.concurrent.CompletableFuture$AsyncSupply.run(Unknown Source)
at java.base/java.util.concurrent.ThreadPoolExecutor.runWorker(Unknown Source)
at java.base/java.util.concurrent.ThreadPoolExecutor$Worker.run(Unknown Source)
at java.base/java.lang.Thread.run(Unknown Source)
Caused by: java.io.UncheckedIOException: java.net.ConnectException
at org.openqa.selenium.remote.http.jdk.JdkHttpClient.execute0(JdkHttpClient.java:500)
at org.openqa.selenium.remote.http.AddSeleniumUserAgent.lambda$apply$0(AddSeleniumUserAgent.java:42)
at org.openqa.selenium.remote.http.Filter.lambda$andFinally$1(Filter.java:55)
at org.openqa.selenium.remote.http.jdk.JdkHttpClient.lambda$executeAsync$2(JdkHttpClient.java:387)
at java.base/java.util.concurrent.Executors$RunnableAdapter.call(Unknown Source)
at java.base/java.util.concurrent.FutureTask.run(Unknown Source)
... 3 more
Caused by: java.net.ConnectException
at java.net.http/jdk.internal.net.http.HttpClientImpl.send(Unknown Source)
at java.net.http/jdk.internal.net.http.HttpClientFacade.send(Unknown Source)
at org.openqa.selenium.remote.http.jdk.JdkHttpClient.execute0(JdkHttpClient.java:459)
... 8 more
Caused by: java.net.ConnectException
at java.net.http/jdk.internal.net.http.common.Utils.toConnectException(Unknown Source)
at java.net.http/jdk.internal.net.http.PlainHttpConnection.connectAsync(Unknown Source)
at java.net.http/jdk.internal.net.http.PlainHttpConnection.checkRetryConnect(Unknown Source)
at java.net.http/jdk.internal.net.http.PlainHttpConnection.lambda$connectAsync$1(Unknown Source)
at java.base/java.util.concurrent.CompletableFuture.uniHandle(Unknown Source)
at java.base/java.util.concurrent.CompletableFuture$UniHandle.tryFire(Unknown Source)
at java.base/java.util.concurrent.CompletableFuture.postComplete(Unknown Source)
at java.base/java.util.concurrent.CompletableFuture$AsyncSupply.run(Unknown Source)
... 3 more
Caused by: java.nio.channels.ClosedChannelException
at java.base/sun.nio.ch.SocketChannelImpl.ensureOpen(Unknown Source)
at java.base/sun.nio.ch.SocketChannelImpl.beginConnect(Unknown Source)
at java.base/sun.nio.ch.SocketChannelImpl.connect(Unknown Source)
at java.net.http/jdk.internal.net.http.PlainHttpConnection.lambda$connectAsync$0(Unknown Source)
at java.base/java.security.AccessController.doPrivileged(Unknown Source)
... 10 more
]]>
            </full-stacktrace>
          </exception> <!-- org.openqa.selenium.SessionNotCreatedException -->
          <reporter-output>
          </reporter-output>
        </test-method> <!-- vendorData -->
        <test-method retried="true" signature="vendorData(com.debs.records.vendorapp.VendorPortalTestData)[pri:0, instance:com.debs.tests.vendorapp.VendorAppTest@2ea6e30c]" started-at="2026-03-09T17:48:16 GMT" name="vendorData" data-provider="jsonData" finished-at="2026-03-09T17:48:16 GMT" duration-ms="181" status="SKIP">
          <params>
            <param index="0">
              <value>
                <![CDATA[VendorPortalTestData[username=mike, password=mike, monthlyEarning=$55,000, annualEarning=$563,300, profitMargin=80%, availableInventory=45, searchKeyword=miami, searchResultsCount=99]]]>
              </value>
            </param>
          </params>
          <exception class="org.openqa.selenium.SessionNotCreatedException">
            <message>
              <![CDATA[Could not start a new session. Possible causes are invalid address of the remote server or browser start-up failure. 
Host info: host: 'e9f15272056e', ip: '172.18.0.5'
Build info: version: '4.33.0', revision: '2c6aaad03a'
System info: os.name: 'Linux', os.arch: 'amd64', os.version: '6.6.87.2-microsoft-standard-WSL2', java.version: '17.0.18'
Driver info: org.openqa.selenium.remote.RemoteWebDriver
Command: [null, newSession {capabilities=[Capabilities {browserName: chrome, goog:chromeOptions: {args: [--no-sandbox, --disable-dev-shm-usage, --disable-gpu], extensions: []}}]}]
Capabilities {browserName: chrome, goog:chromeOptions: {args: [--no-sandbox, --disable-dev-shm-usage, --disable-gpu], extensions: []}}]]>
            </message>
            <full-stacktrace>
              <![CDATA[org.openqa.selenium.SessionNotCreatedException: Could not start a new session. Possible causes are invalid address of the remote server or browser start-up failure. 
Host info: host: 'e9f15272056e', ip: '172.18.0.5'
Build info: version: '4.33.0', revision: '2c6aaad03a'
System info: os.name: 'Linux', os.arch: 'amd64', os.version: '6.6.87.2-microsoft-standard-WSL2', java.version: '17.0.18'
Driver info: org.openqa.selenium.remote.RemoteWebDriver
Command: [null, newSession {capabilities=[Capabilities {browserName: chrome, goog:chromeOptions: {args: [--no-sandbox, --disable-dev-shm-usage, --disable-gpu], extensions: []}}]}]
Capabilities {browserName: chrome, goog:chromeOptions: {args: [--no-sandbox, --disable-dev-shm-usage, --disable-gpu], extensions: []}}
at org.openqa.selenium.remote.RemoteWebDriver.execute(RemoteWebDriver.java:562)
at org.openqa.selenium.remote.RemoteWebDriver.startSession(RemoteWebDriver.java:244)
at org.openqa.selenium.remote.RemoteWebDriver.<init>(RemoteWebDriver.java:173)
at org.openqa.selenium.remote.RemoteWebDriver.<init>(RemoteWebDriver.java:151)
at com.debs.utils.DriverFactory.createRemoteDriver(DriverFactory.java:102)
at com.debs.utils.DriverFactory.createDriver(DriverFactory.java:45)
at com.debs.utils.DriverFactory.getDriver(DriverFactory.java:27)
at com.debs.utils.BasePage.<init>(BasePage.java:23)
at com.debs.pages.vendorapp.LoginPage.<init>(LoginPage.java:22)
at com.debs.tests.vendorapp.VendorAppTest.vendorData(VendorAppTest.java:30)
at java.base/jdk.internal.reflect.NativeMethodAccessorImpl.invoke0(Native Method)
at java.base/jdk.internal.reflect.NativeMethodAccessorImpl.invoke(Unknown Source)
at java.base/jdk.internal.reflect.DelegatingMethodAccessorImpl.invoke(Unknown Source)
at java.base/java.lang.reflect.Method.invoke(Unknown Source)
at org.testng.internal.invokers.MethodInvocationHelper.invokeMethod(MethodInvocationHelper.java:139)
at org.testng.internal.invokers.TestInvoker.invokeMethod(TestInvoker.java:664)
at org.testng.internal.invokers.TestInvoker.retryFailed(TestInvoker.java:249)
at org.testng.internal.invokers.TestMethodWithDataProviderMethodWorker.call(TestMethodWithDataProviderMethodWorker.java:104)
at java.base/java.util.concurrent.CompletableFuture$AsyncSupply.run(Unknown Source)
at java.base/java.util.concurrent.ThreadPoolExecutor.runWorker(Unknown Source)
at java.base/java.util.concurrent.ThreadPoolExecutor$Worker.run(Unknown Source)
at java.base/java.lang.Thread.run(Unknown Source)
Caused by: java.io.UncheckedIOException: java.net.ConnectException
at org.openqa.selenium.remote.http.jdk.JdkHttpClient.execute0(JdkHttpClient.java:500)
at org.openqa.selenium.remote.http.AddSeleniumUserAgent.lambda$apply$0(AddSeleniumUserAgent.java:42)
at org.openqa.selenium.remote.http.Filter.lambda$andFinally$1(Filter.java:55)
at org.openqa.selenium.remote.http.jdk.JdkHttpClient.lambda$executeAsync$2(JdkHttpClient.java:387)
at java.base/java.util.concurrent.Executors$RunnableAdapter.call(Unknown Source)
at java.base/java.util.concurrent.FutureTask.run(Unknown Source)
... 3 more
Caused by: java.net.ConnectException
at java.net.http/jdk.internal.net.http.HttpClientImpl.send(Unknown Source)
at java.net.http/jdk.internal.net.http.HttpClientFacade.send(Unknown Source)
at org.openqa.selenium.remote.http.jdk.JdkHttpClient.execute0(JdkHttpClient.java:459)
... 8 more
Caused by: java.net.ConnectException
at java.net.http/jdk.internal.net.http.common.Utils.toConnectException(Unknown Source)
at java.net.http/jdk.internal.net.http.PlainHttpConnection.connectAsync(Unknown Source)
at java.net.http/jdk.internal.net.http.PlainHttpConnection.checkRetryConnect(Unknown Source)
at java.net.http/jdk.internal.net.http.PlainHttpConnection.lambda$connectAsync$1(Unknown Source)
at java.base/java.util.concurrent.CompletableFuture.uniHandle(Unknown Source)
at java.base/java.util.concurrent.CompletableFuture.uniHandleStage(Unknown Source)
at java.base/java.util.concurrent.CompletableFuture.handle(Unknown Source)
at java.net.http/jdk.internal.net.http.PlainHttpConnection.connectAsync(Unknown Source)
at java.net.http/jdk.internal.net.http.Http1Exchange.sendHeadersAsync(Unknown Source)
at java.net.http/jdk.internal.net.http.Exchange.lambda$responseAsyncImpl0$8(Unknown Source)
at java.net.http/jdk.internal.net.http.Exchange.checkFor407(Unknown Source)
at java.net.http/jdk.internal.net.http.Exchange.lambda$responseAsyncImpl0$9(Unknown Source)
at java.base/java.util.concurrent.CompletableFuture.uniHandle(Unknown Source)
at java.base/java.util.concurrent.CompletableFuture.uniHandleStage(Unknown Source)
at java.base/java.util.concurrent.CompletableFuture.handle(Unknown Source)
at java.net.http/jdk.internal.net.http.Exchange.responseAsyncImpl0(Unknown Source)
at java.net.http/jdk.internal.net.http.Exchange.responseAsyncImpl(Unknown Source)
at java.net.http/jdk.internal.net.http.Exchange.responseAsync(Unknown Source)
at java.net.http/jdk.internal.net.http.MultiExchange.responseAsyncImpl(Unknown Source)
at java.net.http/jdk.internal.net.http.MultiExchange.lambda$responseAsyncImpl$7(Unknown Source)
at java.base/java.util.concurrent.CompletableFuture.uniHandle(Unknown Source)
at java.base/java.util.concurrent.CompletableFuture$UniHandle.tryFire(Unknown Source)
at java.base/java.util.concurrent.CompletableFuture.postComplete(Unknown Source)
at java.base/java.util.concurrent.CompletableFuture$AsyncSupply.run(Unknown Source)
... 3 more
Caused by: java.nio.channels.ClosedChannelException
at java.base/sun.nio.ch.SocketChannelImpl.ensureOpen(Unknown Source)
at java.base/sun.nio.ch.SocketChannelImpl.beginConnect(Unknown Source)
at java.base/sun.nio.ch.SocketChannelImpl.connect(Unknown Source)
at java.net.http/jdk.internal.net.http.PlainHttpConnection.lambda$connectAsync$0(Unknown Source)
at java.base/java.security.AccessController.doPrivileged(Unknown Source)
... 26 more
]]>
            </full-stacktrace>
          </exception> <!-- org.openqa.selenium.SessionNotCreatedException -->
          <reporter-output>
          </reporter-output>
        </test-method> <!-- vendorData -->
        <test-method retried="true" signature="vendorData(com.debs.records.vendorapp.VendorPortalTestData)[pri:0, instance:com.debs.tests.vendorapp.VendorAppTest@2ea6e30c]" started-at="2026-03-09T17:48:16 GMT" name="vendorData" data-provider="jsonData" finished-at="2026-03-09T17:48:16 GMT" duration-ms="173" status="SKIP">
          <params>
            <param index="0">
              <value>
                <![CDATA[VendorPortalTestData[username=john, password=john, monthlyEarning=$3,453, annualEarning=$34,485, profitMargin=-16%, availableInventory=67, searchKeyword=2024/01/01, searchResultsCount=0]]]>
              </value>
            </param>
          </params>
          <exception class="org.openqa.selenium.SessionNotCreatedException">
            <message>
              <![CDATA[Could not start a new session. Possible causes are invalid address of the remote server or browser start-up failure. 
Host info: host: 'e9f15272056e', ip: '172.18.0.5'
Build info: version: '4.33.0', revision: '2c6aaad03a'
System info: os.name: 'Linux', os.arch: 'amd64', os.version: '6.6.87.2-microsoft-standard-WSL2', java.version: '17.0.18'
Driver info: org.openqa.selenium.remote.RemoteWebDriver
Command: [null, newSession {capabilities=[Capabilities {browserName: chrome, goog:chromeOptions: {args: [--no-sandbox, --disable-dev-shm-usage, --disable-gpu], extensions: []}}]}]
Capabilities {browserName: chrome, goog:chromeOptions: {args: [--no-sandbox, --disable-dev-shm-usage, --disable-gpu], extensions: []}}]]>
            </message>
            <full-stacktrace>
              <![CDATA[org.openqa.selenium.SessionNotCreatedException: Could not start a new session. Possible causes are invalid address of the remote server or browser start-up failure. 
Host info: host: 'e9f15272056e', ip: '172.18.0.5'
Build info: version: '4.33.0', revision: '2c6aaad03a'
System info: os.name: 'Linux', os.arch: 'amd64', os.version: '6.6.87.2-microsoft-standard-WSL2', java.version: '17.0.18'
Driver info: org.openqa.selenium.remote.RemoteWebDriver
Command: [null, newSession {capabilities=[Capabilities {browserName: chrome, goog:chromeOptions: {args: [--no-sandbox, --disable-dev-shm-usage, --disable-gpu], extensions: []}}]}]
Capabilities {browserName: chrome, goog:chromeOptions: {args: [--no-sandbox, --disable-dev-shm-usage, --disable-gpu], extensions: []}}
at org.openqa.selenium.remote.RemoteWebDriver.execute(RemoteWebDriver.java:562)
at org.openqa.selenium.remote.RemoteWebDriver.startSession(RemoteWebDriver.java:244)
at org.openqa.selenium.remote.RemoteWebDriver.<init>(RemoteWebDriver.java:173)
at org.openqa.selenium.remote.RemoteWebDriver.<init>(RemoteWebDriver.java:151)
at com.debs.utils.DriverFactory.createRemoteDriver(DriverFactory.java:102)
at com.debs.utils.DriverFactory.createDriver(DriverFactory.java:45)
at com.debs.utils.DriverFactory.getDriver(DriverFactory.java:27)
at com.debs.utils.BasePage.<init>(BasePage.java:23)
at com.debs.pages.vendorapp.LoginPage.<init>(LoginPage.java:22)
at com.debs.tests.vendorapp.VendorAppTest.vendorData(VendorAppTest.java:30)
at java.base/jdk.internal.reflect.NativeMethodAccessorImpl.invoke0(Native Method)
at java.base/jdk.internal.reflect.NativeMethodAccessorImpl.invoke(Unknown Source)
at java.base/jdk.internal.reflect.DelegatingMethodAccessorImpl.invoke(Unknown Source)
at java.base/java.lang.reflect.Method.invoke(Unknown Source)
at org.testng.internal.invokers.MethodInvocationHelper.invokeMethod(MethodInvocationHelper.java:139)
at org.testng.internal.invokers.TestInvoker.invokeMethod(TestInvoker.java:664)
at org.testng.internal.invokers.TestInvoker.retryFailed(TestInvoker.java:249)
at org.testng.internal.invokers.TestMethodWithDataProviderMethodWorker.call(TestMethodWithDataProviderMethodWorker.java:104)
at java.base/java.util.concurrent.CompletableFuture$AsyncSupply.run(Unknown Source)
at java.base/java.util.concurrent.ThreadPoolExecutor.runWorker(Unknown Source)
at java.base/java.util.concurrent.ThreadPoolExecutor$Worker.run(Unknown Source)
at java.base/java.lang.Thread.run(Unknown Source)
Caused by: java.io.UncheckedIOException: java.net.ConnectException
at org.openqa.selenium.remote.http.jdk.JdkHttpClient.execute0(JdkHttpClient.java:500)
at org.openqa.selenium.remote.http.AddSeleniumUserAgent.lambda$apply$0(AddSeleniumUserAgent.java:42)
at org.openqa.selenium.remote.http.Filter.lambda$andFinally$1(Filter.java:55)
at org.openqa.selenium.remote.http.jdk.JdkHttpClient.lambda$executeAsync$2(JdkHttpClient.java:387)
at java.base/java.util.concurrent.Executors$RunnableAdapter.call(Unknown Source)
at java.base/java.util.concurrent.FutureTask.run(Unknown Source)
... 3 more
Caused by: java.net.ConnectException
at java.net.http/jdk.internal.net.http.HttpClientImpl.send(Unknown Source)
at java.net.http/jdk.internal.net.http.HttpClientFacade.send(Unknown Source)
at org.openqa.selenium.remote.http.jdk.JdkHttpClient.execute0(JdkHttpClient.java:459)
... 8 more
Caused by: java.net.ConnectException
at java.net.http/jdk.internal.net.http.common.Utils.toConnectException(Unknown Source)
at java.net.http/jdk.internal.net.http.PlainHttpConnection.connectAsync(Unknown Source)
at java.net.http/jdk.internal.net.http.PlainHttpConnection.checkRetryConnect(Unknown Source)
at java.net.http/jdk.internal.net.http.PlainHttpConnection.lambda$connectAsync$1(Unknown Source)
at java.base/java.util.concurrent.CompletableFuture.uniHandle(Unknown Source)
at java.base/java.util.concurrent.CompletableFuture$UniHandle.tryFire(Unknown Source)
at java.base/java.util.concurrent.CompletableFuture.postComplete(Unknown Source)
at java.base/java.util.concurrent.CompletableFuture$AsyncSupply.run(Unknown Source)
... 3 more
Caused by: java.nio.channels.ClosedChannelException
at java.base/sun.nio.ch.SocketChannelImpl.ensureOpen(Unknown Source)
at java.base/sun.nio.ch.SocketChannelImpl.beginConnect(Unknown Source)
at java.base/sun.nio.ch.SocketChannelImpl.connect(Unknown Source)
at java.net.http/jdk.internal.net.http.PlainHttpConnection.lambda$connectAsync$0(Unknown Source)
at java.base/java.security.AccessController.doPrivileged(Unknown Source)
... 10 more
]]>
            </full-stacktrace>
          </exception> <!-- org.openqa.selenium.SessionNotCreatedException -->
          <reporter-output>
          </reporter-output>
        </test-method> <!-- vendorData -->
        <test-method is-config="true" signature="tearDown()[pri:0, instance:com.debs.tests.vendorapp.VendorAppTest@2ea6e30c]" started-at="2026-03-09T17:48:16 GMT" name="tearDown" finished-at="2026-03-09T17:48:16 GMT" duration-ms="0" status="SKIP">
          <reporter-output>
          </reporter-output>
        </test-method> <!-- tearDown -->
        <test-method is-config="true" signature="tearDown()[pri:0, instance:com.debs.tests.vendorapp.VendorAppTest@2ea6e30c]" started-at="2026-03-09T17:48:16 GMT" name="tearDown" finished-at="2026-03-09T17:48:16 GMT" duration-ms="0" status="SKIP">
          <reporter-output>
          </reporter-output>
        </test-method> <!-- tearDown -->
        <test-method signature="vendorData(com.debs.records.vendorapp.VendorPortalTestData)[pri:0, instance:com.debs.tests.vendorapp.VendorAppTest@2ea6e30c]" started-at="2026-03-09T17:48:16 GMT" name="vendorData" data-provider="jsonData" finished-at="2026-03-09T17:48:16 GMT" duration-ms="267" status="FAIL">
          <params>
            <param index="0">
              <value>
                <![CDATA[VendorPortalTestData[username=john, password=john, monthlyEarning=$3,453, annualEarning=$34,485, profitMargin=-16%, availableInventory=67, searchKeyword=2024/01/01, searchResultsCount=0]]]>
              </value>
            </param>
          </params>
          <exception class="org.openqa.selenium.SessionNotCreatedException">
            <message>
              <![CDATA[Could not start a new session. Possible causes are invalid address of the remote server or browser start-up failure. 
Host info: host: 'e9f15272056e', ip: '172.18.0.5'
Build info: version: '4.33.0', revision: '2c6aaad03a'
System info: os.name: 'Linux', os.arch: 'amd64', os.version: '6.6.87.2-microsoft-standard-WSL2', java.version: '17.0.18'
Driver info: org.openqa.selenium.remote.RemoteWebDriver
Command: [null, newSession {capabilities=[Capabilities {browserName: chrome, goog:chromeOptions: {args: [--no-sandbox, --disable-dev-shm-usage, --disable-gpu], extensions: []}}]}]
Capabilities {browserName: chrome, goog:chromeOptions: {args: [--no-sandbox, --disable-dev-shm-usage, --disable-gpu], extensions: []}}]]>
            </message>
            <full-stacktrace>
              <![CDATA[org.openqa.selenium.SessionNotCreatedException: Could not start a new session. Possible causes are invalid address of the remote server or browser start-up failure. 
Host info: host: 'e9f15272056e', ip: '172.18.0.5'
Build info: version: '4.33.0', revision: '2c6aaad03a'
System info: os.name: 'Linux', os.arch: 'amd64', os.version: '6.6.87.2-microsoft-standard-WSL2', java.version: '17.0.18'
Driver info: org.openqa.selenium.remote.RemoteWebDriver
Command: [null, newSession {capabilities=[Capabilities {browserName: chrome, goog:chromeOptions: {args: [--no-sandbox, --disable-dev-shm-usage, --disable-gpu], extensions: []}}]}]
Capabilities {browserName: chrome, goog:chromeOptions: {args: [--no-sandbox, --disable-dev-shm-usage, --disable-gpu], extensions: []}}
at org.openqa.selenium.remote.RemoteWebDriver.execute(RemoteWebDriver.java:562)
at org.openqa.selenium.remote.RemoteWebDriver.startSession(RemoteWebDriver.java:244)
at org.openqa.selenium.remote.RemoteWebDriver.<init>(RemoteWebDriver.java:173)
at org.openqa.selenium.remote.RemoteWebDriver.<init>(RemoteWebDriver.java:151)
at com.debs.utils.DriverFactory.createRemoteDriver(DriverFactory.java:102)
at com.debs.utils.DriverFactory.createDriver(DriverFactory.java:45)
at com.debs.utils.DriverFactory.getDriver(DriverFactory.java:27)
at com.debs.utils.BasePage.<init>(BasePage.java:23)
at com.debs.pages.vendorapp.LoginPage.<init>(LoginPage.java:22)
at com.debs.tests.vendorapp.VendorAppTest.vendorData(VendorAppTest.java:30)
at java.base/jdk.internal.reflect.NativeMethodAccessorImpl.invoke0(Native Method)
at java.base/jdk.internal.reflect.NativeMethodAccessorImpl.invoke(Unknown Source)
at java.base/jdk.internal.reflect.DelegatingMethodAccessorImpl.invoke(Unknown Source)
at java.base/java.lang.reflect.Method.invoke(Unknown Source)
at org.testng.internal.invokers.MethodInvocationHelper.invokeMethod(MethodInvocationHelper.java:139)
at org.testng.internal.invokers.TestInvoker.invokeMethod(TestInvoker.java:664)
at org.testng.internal.invokers.TestInvoker.retryFailed(TestInvoker.java:249)
at org.testng.internal.invokers.TestMethodWithDataProviderMethodWorker.call(TestMethodWithDataProviderMethodWorker.java:104)
at java.base/java.util.concurrent.CompletableFuture$AsyncSupply.run(Unknown Source)
at java.base/java.util.concurrent.ThreadPoolExecutor.runWorker(Unknown Source)
at java.base/java.util.concurrent.ThreadPoolExecutor$Worker.run(Unknown Source)
at java.base/java.lang.Thread.run(Unknown Source)
Caused by: java.io.UncheckedIOException: java.net.ConnectException
at org.openqa.selenium.remote.http.jdk.JdkHttpClient.execute0(JdkHttpClient.java:500)
at org.openqa.selenium.remote.http.AddSeleniumUserAgent.lambda$apply$0(AddSeleniumUserAgent.java:42)
at org.openqa.selenium.remote.http.Filter.lambda$andFinally$1(Filter.java:55)
at org.openqa.selenium.remote.http.jdk.JdkHttpClient.lambda$executeAsync$2(JdkHttpClient.java:387)
at java.base/java.util.concurrent.Executors$RunnableAdapter.call(Unknown Source)
at java.base/java.util.concurrent.FutureTask.run(Unknown Source)
... 3 more
Caused by: java.net.ConnectException
at java.net.http/jdk.internal.net.http.HttpClientImpl.send(Unknown Source)
at java.net.http/jdk.internal.net.http.HttpClientFacade.send(Unknown Source)
at org.openqa.selenium.remote.http.jdk.JdkHttpClient.execute0(JdkHttpClient.java:459)
... 8 more
Caused by: java.net.ConnectException
at java.net.http/jdk.internal.net.http.common.Utils.toConnectException(Unknown Source)
at java.net.http/jdk.internal.net.http.PlainHttpConnection.connectAsync(Unknown Source)
at java.net.http/jdk.internal.net.http.PlainHttpConnection.checkRetryConnect(Unknown Source)
at java.net.http/jdk.internal.net.http.PlainHttpConnection.lambda$connectAsync$1(Unknown Source)
at java.base/java.util.concurrent.CompletableFuture.uniHandle(Unknown Source)
at java.base/java.util.concurrent.CompletableFuture$UniHandle.tryFire(Unknown Source)
at java.base/java.util.concurrent.CompletableFuture.postComplete(Unknown Source)
at java.base/java.util.concurrent.CompletableFuture$AsyncSupply.run(Unknown Source)
... 3 more
Caused by: java.nio.channels.ClosedChannelException
at java.base/sun.nio.ch.SocketChannelImpl.ensureOpen(Unknown Source)
at java.base/sun.nio.ch.SocketChannelImpl.beginConnect(Unknown Source)
at java.base/sun.nio.ch.SocketChannelImpl.connect(Unknown Source)
at java.net.http/jdk.internal.net.http.PlainHttpConnection.lambda$connectAsync$0(Unknown Source)
at java.base/java.security.AccessController.doPrivileged(Unknown Source)
... 10 more
]]>
            </full-stacktrace>
          </exception> <!-- org.openqa.selenium.SessionNotCreatedException -->
          <reporter-output>
          </reporter-output>
        </test-method> <!-- vendorData -->
        <test-method is-config="true" signature="tearDown()[pri:0, instance:com.debs.tests.vendorapp.VendorAppTest@2ea6e30c]" started-at="2026-03-09T17:48:16 GMT" name="tearDown" finished-at="2026-03-09T17:48:16 GMT" duration-ms="0" status="SKIP">
          <reporter-output>
          </reporter-output>
        </test-method> <!-- tearDown -->
        <test-method is-config="true" signature="tearDown()[pri:0, instance:com.debs.tests.vendorapp.VendorAppTest@2ea6e30c]" started-at="2026-03-09T17:48:20 GMT" name="tearDown" finished-at="2026-03-09T17:48:20 GMT" duration-ms="0" status="SKIP">
          <reporter-output>
          </reporter-output>
        </test-method> <!-- tearDown -->
      </class> <!-- com.debs.tests.vendorapp.VendorAppTest -->
    </test> <!-- Book flights Test -->
  </suite> <!-- Suite -->
</testng-results>
