<?xml version="1.0" encoding="UTF-8"?>
<!-- Generated by org.testng.reporters.JUnitReportReporter -->
<testsuite hostname="8afb85c3be59" failures="1" tests="5" name="com.debs.tests.vendorapp.VendorAppTest" time="128.568" errors="0" timestamp="2026-03-09T16:53:30 GMT" skipped="2">
  <testcase classname="com.debs.tests.vendorapp.VendorAppTest" name="vendorData" time="18.207">
    <failure message="expected [99] but found [10]" type="java.lang.AssertionError">
      <![CDATA[java.lang.AssertionError: expected [99] but found [10]
at org.testng.Assert.fail(Assert.java:111)
at org.testng.Assert.failNotEquals(Assert.java:1578)
at org.testng.Assert.assertEqualsImpl(Assert.java:150)
at org.testng.Assert.assertEquals(Assert.java:132)
at org.testng.Assert.assertEquals(Assert.java:1419)
at org.testng.Assert.assertEquals(Assert.java:1383)
at org.testng.Assert.assertEquals(Assert.java:1429)
at com.debs.tests.vendorapp.VendorAppTest.vendorData(VendorAppTest.java:47)
at java.base/jdk.internal.reflect.NativeMethodAccessorImpl.invoke0(Native Method)
at java.base/jdk.internal.reflect.NativeMethodAccessorImpl.invoke(Unknown Source)
at java.base/jdk.internal.reflect.DelegatingMethodAccessorImpl.invoke(Unknown Source)
at java.base/java.lang.reflect.Method.invoke(Unknown Source)
at org.testng.internal.invokers.MethodInvocationHelper.invokeMethod(MethodInvocationHelper.java:139)
at org.testng.internal.invokers.TestInvoker.invokeMethod(TestInvoker.java:664)
at org.testng.internal.invokers.TestInvoker.retryFailed(TestInvoker.java:249)
at org.testng.internal.invokers.TestMethodWithDataProviderMethodWorker.call(TestMethodWithDataProviderMethodWorker.java:104)
at java.base/java.util.concurrent.CompletableFuture$AsyncSupply.run(Unknown Source)
at java.base/java.util.concurrent.ThreadPoolExecutor.runWorker(Unknown Source)
at java.base/java.util.concurrent.ThreadPoolExecutor$Worker.run(Unknown Source)
at java.base/java.lang.Thread.run(Unknown Source)
]]>
    </failure>
  </testcase> <!-- vendorData -->
  <testcase classname="com.debs.tests.vendorapp.VendorAppTest" name="vendorData" time="37.312"/>
  <testcase classname="com.debs.tests.vendorapp.VendorAppTest" name="vendorData" time="10.660">
    <skipped/>
  </testcase> <!-- vendorData -->
  <testcase classname="com.debs.tests.vendorapp.VendorAppTest" name="vendorData" time="36.470"/>
  <testcase classname="com.debs.tests.vendorapp.VendorAppTest" name="vendorData" time="25.919">
    <skipped/>
  </testcase> <!-- vendorData -->
</testsuite> <!-- com.debs.tests.vendorapp.VendorAppTest -->
