<?xml version="1.0" encoding="UTF-8"?>
<!-- Generated by org.testng.reporters.JUnitReportReporter -->
<testsuite hostname="9a66fd4fb734" failures="0" tests="5" name="com.debs.tests.bookflights.BookFlightTest" time="72.515" errors="0" timestamp="2026-03-09T17:20:57 GMT" skipped="0">
  <testcase classname="com.debs.tests.bookflights.BookFlightTest" name="validUser" time="16.979"/>
  <testcase classname="com.debs.tests.bookflights.BookFlightTest" name="validUser" time="13.300"/>
  <testcase classname="com.debs.tests.bookflights.BookFlightTest" name="validUser" time="17.463"/>
  <testcase classname="com.debs.tests.bookflights.BookFlightTest" name="invalidUser" time="4.852"/>
  <testcase classname="com.debs.tests.bookflights.BookFlightTest" name="validUser" time="19.921"/>
</testsuite> <!-- com.debs.tests.bookflights.BookFlightTest -->
