<?xml version="1.0" encoding="UTF-8"?>
<testng-results ignored="0" total="5" passed="5" failed="0" skipped="0">
  <reporter-output>
  </reporter-output>
  <suite started-at="2026-03-09T17:20:21 GMT" name="Suite" finished-at="2026-03-09T17:20:56 GMT" duration-ms="35418">
    <groups>
    </groups>
    <test started-at="2026-03-09T17:20:21 GMT" name="Book flights Test" finished-at="2026-03-09T17:20:56 GMT" duration-ms="35418">
      <class name="com.debs.tests.bookflights.BookFlightTest">
        <test-method is-config="true" signature="setUpProperties()[pri:0, instance:com.debs.tests.bookflights.BookFlightTest@561868a0]" started-at="2026-03-09T17:20:21 GMT" name="setUpProperties" finished-at="2026-03-09T17:20:21 GMT" duration-ms="128" status="PASS">
          <reporter-output>
          </reporter-output>
        </test-method> <!-- setUpProperties -->
        <test-method is-config="true" signature="setPageObjects(java.lang.String)[pri:0, instance:com.debs.tests.bookflights.BookFlightTest@561868a0]" started-at="2026-03-09T17:20:21 GMT" name="setPageObjects" finished-at="2026-03-09T17:20:21 GMT" duration-ms="3" status="PASS">
          <params>
            <param index="0">
              <value>
                <![CDATA[bookflights]]>
              </value>
            </param>
          </params>
          <reporter-output>
          </reporter-output>
        </test-method> <!-- setPageObjects -->
        <test-method signature="invalidUser(com.debs.records.bookflights.UserData)[pri:0, instance:com.debs.tests.bookflights.BookFlightTest@561868a0]" started-at="2026-03-09T17:20:21 GMT" name="invalidUser" data-provider="jsonData" finished-at="2026-03-09T17:20:26 GMT" duration-ms="4717" status="PASS">
          <params>
            <param index="0">
              <value>
                <![CDATA[UserData[firstName=michael, lastName=jackson, email=mj@pop.com, password=mj, street=123 main street, city=atlanta, zip=30001, state=Hawaii, passengersCount=-1, departFrom=null, arriveIn=null, serviceClass=null, expectedPrice=$584 USD]]]>
              </value>
            </param>
          </params>
          <reporter-output>
          </reporter-output>
        </test-method> <!-- invalidUser -->
        <test-method is-config="true" signature="tearDown()[pri:0, instance:com.debs.tests.bookflights.BookFlightTest@561868a0]" started-at="2026-03-09T17:20:26 GMT" name="tearDown" finished-at="2026-03-09T17:20:26 GMT" duration-ms="135" status="PASS">
          <reporter-output>
          </reporter-output>
        </test-method> <!-- tearDown -->
        <test-method signature="validUser(com.debs.records.bookflights.UserData)[pri:0, instance:com.debs.tests.bookflights.BookFlightTest@561868a0]" started-at="2026-03-09T17:20:26 GMT" name="validUser" data-provider="jsonData" finished-at="2026-03-09T17:20:44 GMT" duration-ms="17355" status="PASS">
          <params>
            <param index="0">
              <value>
                <![CDATA[UserData[firstName=michael, lastName=jackson, email=mj@pop.com, password=mj, street=123 main street, city=atlanta, zip=30001, state=Hawaii, passengersCount=1, departFrom=Frankfurt, arriveIn=Paris, serviceClass=Business, expectedPrice=$584 USD]]]>
              </value>
            </param>
          </params>
          <reporter-output>
          </reporter-output>
        </test-method> <!-- validUser -->
        <test-method signature="validUser(com.debs.records.bookflights.UserData)[pri:0, instance:com.debs.tests.bookflights.BookFlightTest@561868a0]" started-at="2026-03-09T17:20:26 GMT" name="validUser" data-provider="jsonData" finished-at="2026-03-09T17:20:46 GMT" duration-ms="19825" status="PASS">
          <params>
            <param index="0">
              <value>
                <![CDATA[UserData[firstName=michael, lastName=jackson, email=mj@pop.com, password=mj, street=123 main street, city=atlanta, zip=30001, state=Hawaii, passengersCount=3, departFrom=Frankfurt, arriveIn=Paris, serviceClass=Economy, expectedPrice=$1753 USD]]]>
              </value>
            </param>
          </params>
          <reporter-output>
          </reporter-output>
        </test-method> <!-- validUser -->
        <test-method signature="validUser(com.debs.records.bookflights.UserData)[pri:0, instance:com.debs.tests.bookflights.BookFlightTest@561868a0]" started-at="2026-03-09T17:20:26 GMT" name="validUser" data-provider="jsonData" finished-at="2026-03-09T17:20:43 GMT" duration-ms="16746" status="PASS">
          <params>
            <param index="0">
              <value>
                <![CDATA[UserData[firstName=michael, lastName=jackson, email=mj@pop.com, password=mj, street=123 main street, city=atlanta, zip=30001, state=Hawaii, passengersCount=2, departFrom=Frankfurt, arriveIn=Portland, serviceClass=Business, expectedPrice=$1169 USD]]]>
              </value>
            </param>
          </params>
          <reporter-output>
          </reporter-output>
        </test-method> <!-- validUser -->
        <test-method is-config="true" signature="tearDown()[pri:0, instance:com.debs.tests.bookflights.BookFlightTest@561868a0]" started-at="2026-03-09T17:20:43 GMT" name="tearDown" finished-at="2026-03-09T17:20:43 GMT" duration-ms="108" status="PASS">
          <reporter-output>
          </reporter-output>
        </test-method> <!-- tearDown -->
        <test-method signature="validUser(com.debs.records.bookflights.UserData)[pri:0, instance:com.debs.tests.bookflights.BookFlightTest@561868a0]" started-at="2026-03-09T17:20:43 GMT" name="validUser" data-provider="jsonData" finished-at="2026-03-09T17:20:56 GMT" duration-ms="13189" status="PASS">
          <params>
            <param index="0">
              <value>
                <![CDATA[UserData[firstName=michael, lastName=jackson, email=mj@pop.com, password=mj, street=123 main street, city=atlanta, zip=30001, state=Hawaii, passengersCount=4, departFrom=Frankfurt, arriveIn=Paris, serviceClass=First, expectedPrice=$2338 USD]]]>
              </value>
            </param>
          </params>
          <reporter-output>
          </reporter-output>
        </test-method> <!-- validUser -->
        <test-method is-config="true" signature="tearDown()[pri:0, instance:com.debs.tests.bookflights.BookFlightTest@561868a0]" started-at="2026-03-09T17:20:44 GMT" name="tearDown" finished-at="2026-03-09T17:20:44 GMT" duration-ms="111" status="PASS">
          <reporter-output>
          </reporter-output>
        </test-method> <!-- tearDown -->
        <test-method is-config="true" signature="tearDown()[pri:0, instance:com.debs.tests.bookflights.BookFlightTest@561868a0]" started-at="2026-03-09T17:20:46 GMT" name="tearDown" finished-at="2026-03-09T17:20:46 GMT" duration-ms="233" status="PASS">
          <reporter-output>
          </reporter-output>
        </test-method> <!-- tearDown -->
        <test-method is-config="true" signature="tearDown()[pri:0, instance:com.debs.tests.bookflights.BookFlightTest@561868a0]" started-at="2026-03-09T17:20:56 GMT" name="tearDown" finished-at="2026-03-09T17:20:56 GMT" duration-ms="96" status="PASS">
          <reporter-output>
          </reporter-output>
        </test-method> <!-- tearDown -->
      </class> <!-- com.debs.tests.bookflights.BookFlightTest -->
    </test> <!-- Book flights Test -->
  </suite> <!-- Suite -->
</testng-results>
